[11.93943672  7.82672024 12.07942657 11.33796616 10.63623848 11.5921154
 10.94310951 10.25557137 11.52095032 10.38670807]
    batch_train_loss: 2.3644, original=2.3644, J3=0.5225
    batch_train_loss: 2.3668, original=2.3668, J3=0.5216
    batch_train_loss: 2.3579, original=2.3579, J3=0.4840
    batch_train_loss: 2.3621, original=2.3621, J3=0.5250
    batch_train_loss: 2.3688, original=2.3688, J3=0.5303
    batch_train_loss: 2.3766, original=2.3766, J3=0.5285
    batch_train_loss: 2.3651, original=2.3651, J3=0.5163
    batch_train_loss: 2.3536, original=2.3536, J3=0.4891
    batch_train_loss: 2.3488, original=2.3488, J3=0.4736
    batch_train_loss: 2.3657, original=2.3657, J3=0.5093
    batch_train_loss: 2.3634, original=2.3634, J3=0.4968
    batch_train_loss: 2.3467, original=2.3467, J3=0.4560
    batch_train_loss: 2.3628, original=2.3628, J3=0.5261
    batch_train_loss: 2.3593, original=2.3593, J3=0.5072
    batch_train_loss: 2.3543, original=2.3543, J3=0.5066
    batch_train_loss: 2.3611, original=2.3611, J3=0.5217
    batch_train_loss: 2.3561, original=2.3561, J3=0.5184
    batch_train_loss: 2.3543, original=2.3543, J3=0.5025
    batch_train_loss: 2.3493, original=2.3493, J3=0.4987
    batch_train_loss: 2.3489, original=2.3489, J3=0.4876
(num=200,lam=0.001,coef=1.2000000000000002)epoch=0, trainloss=2.359, testloss=['2.351', '2.265', '2.253', '2.375', '2.302', '2.350', '2.277', '2.239', '2.292', '2.268'], testacc=['0.000', '25.198', '9.593', '0.000', '0.000', '0.000', '0.209', '85.603', '0.205', '4.757']
    batch_train_loss: 2.3485, original=2.3485, J3=0.4863
    batch_train_loss: 2.3491, original=2.3491, J3=0.4826
    batch_train_loss: 2.3476, original=2.3476, J3=0.4766
    batch_train_loss: 2.3483, original=2.3483, J3=0.4894
    batch_train_loss: 2.3495, original=2.3495, J3=0.5289
    batch_train_loss: 2.3514, original=2.3514, J3=0.5033
    batch_train_loss: 2.3520, original=2.3520, J3=0.5153
    batch_train_loss: 2.3507, original=2.3507, J3=0.5123
    batch_train_loss: 2.3423, original=2.3423, J3=0.5248
    batch_train_loss: 2.3411, original=2.3411, J3=0.5052
    batch_train_loss: 2.3444, original=2.3444, J3=0.5143
    batch_train_loss: 2.3392, original=2.3392, J3=0.4986
    batch_train_loss: 2.3440, original=2.3440, J3=0.4721
    batch_train_loss: 2.3478, original=2.3478, J3=0.5202
    batch_train_loss: 2.3340, original=2.3340, J3=0.4741
    batch_train_loss: 2.3400, original=2.3400, J3=0.4953
    batch_train_loss: 2.3389, original=2.3389, J3=0.4698
    batch_train_loss: 2.3319, original=2.3319, J3=0.4619
    batch_train_loss: 2.3379, original=2.3379, J3=0.5206
    batch_train_loss: 2.3327, original=2.3327, J3=0.4649
(num=200,lam=0.001,coef=1.2000000000000002)epoch=1, trainloss=2.344, testloss=['2.319', '2.275', '2.246', '2.353', '2.285', '2.336', '2.268', '2.238', '2.267', '2.258'], testacc=['0.000', '10.925', '39.632', '0.000', '2.037', '0.000', '1.879', '87.743', '4.004', '26.363']
    batch_train_loss: 2.3389, original=2.3389, J3=0.5134
    batch_train_loss: 2.3335, original=2.3335, J3=0.5170
    batch_train_loss: 2.3335, original=2.3335, J3=0.5023
    batch_train_loss: 2.3319, original=2.3319, J3=0.5213
    batch_train_loss: 2.3277, original=2.3277, J3=0.4794
    batch_train_loss: 2.3342, original=2.3342, J3=0.5057
    batch_train_loss: 2.3265, original=2.3265, J3=0.4610
    batch_train_loss: 2.3358, original=2.3358, J3=0.5012
    batch_train_loss: 2.3254, original=2.3254, J3=0.4884
    batch_train_loss: 2.3277, original=2.3277, J3=0.4881
    batch_train_loss: 2.3220, original=2.3220, J3=0.4346
    batch_train_loss: 2.3198, original=2.3198, J3=0.3963
    batch_train_loss: 2.3258, original=2.3258, J3=0.4985
    batch_train_loss: 2.3216, original=2.3216, J3=0.4824
    batch_train_loss: 2.3277, original=2.3277, J3=0.4966
    batch_train_loss: 2.3217, original=2.3217, J3=0.4631
    batch_train_loss: 2.3334, original=2.3334, J3=0.4934
    batch_train_loss: 2.3215, original=2.3215, J3=0.4793
    batch_train_loss: 2.3227, original=2.3227, J3=0.5103
    batch_train_loss: 2.3259, original=2.3259, J3=0.4786
(num=200,lam=0.001,coef=1.2000000000000002)epoch=2, trainloss=2.328, testloss=['2.278', '2.275', '2.235', '2.332', '2.277', '2.335', '2.257', '2.237', '2.252', '2.247'], testacc=['0.000', '13.480', '64.922', '0.000', '5.601', '0.000', '6.054', '77.821', '26.283', '61.943']
    batch_train_loss: 2.3273, original=2.3273, J3=0.4905
    batch_train_loss: 2.3163, original=2.3163, J3=0.4856
    batch_train_loss: 2.3166, original=2.3166, J3=0.5052
    batch_train_loss: 2.3203, original=2.3203, J3=0.4552
    batch_train_loss: 2.3211, original=2.3211, J3=0.4913
    batch_train_loss: 2.3094, original=2.3094, J3=0.4944
    batch_train_loss: 2.3194, original=2.3194, J3=0.4731
    batch_train_loss: 2.3164, original=2.3164, J3=0.4606
    batch_train_loss: 2.3111, original=2.3111, J3=0.4675
    batch_train_loss: 2.3068, original=2.3068, J3=0.4141
    batch_train_loss: 2.3157, original=2.3157, J3=0.4949
    batch_train_loss: 2.3060, original=2.3060, J3=0.4602
    batch_train_loss: 2.3090, original=2.3090, J3=0.4780
    batch_train_loss: 2.3152, original=2.3152, J3=0.4966
    batch_train_loss: 2.3134, original=2.3134, J3=0.4839
    batch_train_loss: 2.3133, original=2.3133, J3=0.4664
    batch_train_loss: 2.3183, original=2.3183, J3=0.4957
    batch_train_loss: 2.3102, original=2.3102, J3=0.5133
    batch_train_loss: 2.3070, original=2.3070, J3=0.4766
    batch_train_loss: 2.3116, original=2.3116, J3=0.4989
(num=200,lam=0.001,coef=1.2000000000000002)epoch=3, trainloss=2.314, testloss=['2.252', '2.274', '2.231', '2.308', '2.271', '2.323', '2.242', '2.234', '2.238', '2.237'], testacc=['15.816', '15.330', '66.957', '0.198', '8.554', '0.000', '22.129', '71.498', '61.396', '80.971']
    batch_train_loss: 2.3000, original=2.3000, J3=0.4922
    batch_train_loss: 2.3114, original=2.3114, J3=0.4983
    batch_train_loss: 2.3025, original=2.3025, J3=0.4823
    batch_train_loss: 2.3014, original=2.3014, J3=0.4284
    batch_train_loss: 2.3055, original=2.3055, J3=0.4709
    batch_train_loss: 2.3082, original=2.3082, J3=0.5002
    batch_train_loss: 2.3075, original=2.3075, J3=0.4812
    batch_train_loss: 2.3000, original=2.3000, J3=0.4814
    batch_train_loss: 2.3055, original=2.3055, J3=0.4687
    batch_train_loss: 2.3025, original=2.3025, J3=0.4508
    batch_train_loss: 2.3084, original=2.3084, J3=0.4961
    batch_train_loss: 2.2985, original=2.2985, J3=0.4447
    batch_train_loss: 2.3000, original=2.3000, J3=0.4582
    batch_train_loss: 2.2993, original=2.2993, J3=0.4836
    batch_train_loss: 2.2945, original=2.2945, J3=0.4590
    batch_train_loss: 2.2913, original=2.2913, J3=0.4595
    batch_train_loss: 2.2967, original=2.2967, J3=0.4702
    batch_train_loss: 2.3007, original=2.3007, J3=0.4902
    batch_train_loss: 2.2961, original=2.2961, J3=0.4806
    batch_train_loss: 2.2938, original=2.2938, J3=0.4613
(num=200,lam=0.001,coef=1.2000000000000002)epoch=4, trainloss=2.301, testloss=['2.217', '2.274', '2.225', '2.290', '2.258', '2.311', '2.230', '2.232', '2.222', '2.232'], testacc=['77.041', '14.097', '65.988', '1.683', '19.756', '0.224', '44.990', '68.872', '88.090', '76.908']
    batch_train_loss: 2.2911, original=2.2911, J3=0.4534
    batch_train_loss: 2.2905, original=2.2905, J3=0.4165
    batch_train_loss: 2.2870, original=2.2870, J3=0.4050
    batch_train_loss: 2.2920, original=2.2920, J3=0.4662
    batch_train_loss: 2.2991, original=2.2991, J3=0.4971
    batch_train_loss: 2.2880, original=2.2880, J3=0.4521
    batch_train_loss: 2.2897, original=2.2897, J3=0.4599
    batch_train_loss: 2.2883, original=2.2883, J3=0.4704
    batch_train_loss: 2.2949, original=2.2949, J3=0.4854
    batch_train_loss: 2.2869, original=2.2869, J3=0.4550
    batch_train_loss: 2.2957, original=2.2957, J3=0.4976
    batch_train_loss: 2.2867, original=2.2867, J3=0.4610
    batch_train_loss: 2.2827, original=2.2827, J3=0.4842
    batch_train_loss: 2.2838, original=2.2838, J3=0.4660
    batch_train_loss: 2.2955, original=2.2955, J3=0.4772
    batch_train_loss: 2.2878, original=2.2878, J3=0.4914
    batch_train_loss: 2.2850, original=2.2850, J3=0.4705
    batch_train_loss: 2.2805, original=2.2805, J3=0.4630
    batch_train_loss: 2.2824, original=2.2824, J3=0.5073
    batch_train_loss: 2.2755, original=2.2755, J3=0.4798
(num=200,lam=0.001,coef=1.2000000000000002)epoch=5, trainloss=2.288, testloss=['2.189', '2.270', '2.220', '2.276', '2.246', '2.299', '2.209', '2.222', '2.205', '2.226'], testacc=['89.082', '13.833', '58.527', '3.861', '28.717', '0.561', '70.877', '73.249', '94.661', '70.961']
    batch_train_loss: 2.2692, original=2.2692, J3=0.4308
    batch_train_loss: 2.2816, original=2.2816, J3=0.4527
    batch_train_loss: 2.2788, original=2.2788, J3=0.4302
    batch_train_loss: 2.2844, original=2.2844, J3=0.4525
    batch_train_loss: 2.2781, original=2.2781, J3=0.4951
    batch_train_loss: 2.2803, original=2.2803, J3=0.4601
    batch_train_loss: 2.2771, original=2.2771, J3=0.4873
    batch_train_loss: 2.2708, original=2.2708, J3=0.4720
    batch_train_loss: 2.2804, original=2.2804, J3=0.5001
    batch_train_loss: 2.2744, original=2.2744, J3=0.4803
    batch_train_loss: 2.2727, original=2.2727, J3=0.4807
    batch_train_loss: 2.2742, original=2.2742, J3=0.4546
    batch_train_loss: 2.2743, original=2.2743, J3=0.4454
    batch_train_loss: 2.2699, original=2.2699, J3=0.4756
    batch_train_loss: 2.2755, original=2.2755, J3=0.4671
    batch_train_loss: 2.2709, original=2.2709, J3=0.4543
    batch_train_loss: 2.2695, original=2.2695, J3=0.4906
    batch_train_loss: 2.2687, original=2.2687, J3=0.4594
    batch_train_loss: 2.2778, original=2.2778, J3=0.5185
    batch_train_loss: 2.2716, original=2.2716, J3=0.4692
(num=200,lam=0.001,coef=1.2000000000000002)epoch=6, trainloss=2.275, testloss=['2.144', '2.270', '2.212', '2.252', '2.232', '2.286', '2.190', '2.212', '2.200', '2.220'], testacc=['95.408', '18.767', '63.372', '22.574', '40.020', '3.027', '83.403', '75.973', '93.018', '74.232']
    batch_train_loss: 2.2656, original=2.2656, J3=0.4641
    batch_train_loss: 2.2642, original=2.2642, J3=0.4845
    batch_train_loss: 2.2661, original=2.2661, J3=0.4888
    batch_train_loss: 2.2730, original=2.2730, J3=0.4908
    batch_train_loss: 2.2684, original=2.2684, J3=0.4602
    batch_train_loss: 2.2698, original=2.2698, J3=0.4657
    batch_train_loss: 2.2499, original=2.2499, J3=0.4312
    batch_train_loss: 2.2642, original=2.2642, J3=0.4587
    batch_train_loss: 2.2669, original=2.2669, J3=0.4926
    batch_train_loss: 2.2635, original=2.2635, J3=0.4763
    batch_train_loss: 2.2673, original=2.2673, J3=0.4652
    batch_train_loss: 2.2522, original=2.2522, J3=0.4575
    batch_train_loss: 2.2494, original=2.2494, J3=0.4892
    batch_train_loss: 2.2501, original=2.2501, J3=0.4665
    batch_train_loss: 2.2610, original=2.2610, J3=0.4738
    batch_train_loss: 2.2578, original=2.2578, J3=0.4590
    batch_train_loss: 2.2630, original=2.2630, J3=0.4841
    batch_train_loss: 2.2582, original=2.2582, J3=0.4881
    batch_train_loss: 2.2527, original=2.2527, J3=0.4407
    batch_train_loss: 2.2462, original=2.2462, J3=0.4518
(num=200,lam=0.001,coef=1.2000000000000002)epoch=7, trainloss=2.260, testloss=['2.099', '2.268', '2.193', '2.224', '2.225', '2.277', '2.164', '2.207', '2.178', '2.220'], testacc=['97.143', '16.035', '65.504', '45.644', '41.853', '4.036', '85.177', '72.860', '94.969', '57.780']
    batch_train_loss: 2.2567, original=2.2567, J3=0.4773
    batch_train_loss: 2.2459, original=2.2459, J3=0.4534
    batch_train_loss: 2.2461, original=2.2461, J3=0.4830
    batch_train_loss: 2.2492, original=2.2492, J3=0.4800
    batch_train_loss: 2.2551, original=2.2551, J3=0.4788
    batch_train_loss: 2.2427, original=2.2427, J3=0.4981
    batch_train_loss: 2.2442, original=2.2442, J3=0.4166
    batch_train_loss: 2.2510, original=2.2510, J3=0.4498
    batch_train_loss: 2.2426, original=2.2426, J3=0.4572
    batch_train_loss: 2.2448, original=2.2448, J3=0.4541
    batch_train_loss: 2.2374, original=2.2374, J3=0.4743
    batch_train_loss: 2.2260, original=2.2260, J3=0.4352
    batch_train_loss: 2.2410, original=2.2410, J3=0.4551
    batch_train_loss: 2.2444, original=2.2444, J3=0.4704
    batch_train_loss: 2.2515, original=2.2515, J3=0.4871
    batch_train_loss: 2.2421, original=2.2421, J3=0.4752
    batch_train_loss: 2.2520, original=2.2520, J3=0.5115
    batch_train_loss: 2.2462, original=2.2462, J3=0.4908
    batch_train_loss: 2.2224, original=2.2224, J3=0.4507
    batch_train_loss: 2.2346, original=2.2346, J3=0.4582
(num=200,lam=0.001,coef=1.2000000000000002)epoch=8, trainloss=2.244, testloss=['2.048', '2.255', '2.178', '2.209', '2.211', '2.263', '2.134', '2.190', '2.156', '2.216'], testacc=['97.551', '25.286', '61.434', '48.812', '44.807', '6.278', '86.952', '74.611', '94.764', '44.500']
    batch_train_loss: 2.2297, original=2.2297, J3=0.4994
    batch_train_loss: 2.2365, original=2.2365, J3=0.4703
    batch_train_loss: 2.2205, original=2.2205, J3=0.4900
    batch_train_loss: 2.2236, original=2.2236, J3=0.4617
    batch_train_loss: 2.2279, original=2.2279, J3=0.4541
    batch_train_loss: 2.2287, original=2.2287, J3=0.4666
    batch_train_loss: 2.2406, original=2.2406, J3=0.4552
    batch_train_loss: 2.2226, original=2.2226, J3=0.4022
    batch_train_loss: 2.2184, original=2.2184, J3=0.4707
    batch_train_loss: 2.2212, original=2.2212, J3=0.4600
    batch_train_loss: 2.2166, original=2.2166, J3=0.5046
    batch_train_loss: 2.2380, original=2.2380, J3=0.4948
    batch_train_loss: 2.2138, original=2.2138, J3=0.4696
    batch_train_loss: 2.2357, original=2.2357, J3=0.4629
    batch_train_loss: 2.2170, original=2.2170, J3=0.4746
    batch_train_loss: 2.2177, original=2.2177, J3=0.4776
    batch_train_loss: 2.2174, original=2.2174, J3=0.5097
    batch_train_loss: 2.2277, original=2.2277, J3=0.5095
    batch_train_loss: 2.2123, original=2.2123, J3=0.4134
    batch_train_loss: 2.2323, original=2.2323, J3=0.5049
(num=200,lam=0.001,coef=1.2000000000000002)epoch=9, trainloss=2.225, testloss=['1.986', '2.243', '2.163', '2.187', '2.183', '2.259', '2.100', '2.176', '2.130', '2.202'], testacc=['98.163', '29.780', '56.783', '52.871', '53.462', '4.596', '86.534', '71.887', '94.559', '41.824']
    batch_train_loss: 2.2117, original=2.2117, J3=0.4867
    batch_train_loss: 2.2121, original=2.2121, J3=0.4776
    batch_train_loss: 2.2037, original=2.2037, J3=0.4973
    batch_train_loss: 2.2050, original=2.2050, J3=0.4908
    batch_train_loss: 2.2030, original=2.2030, J3=0.4704
    batch_train_loss: 2.2117, original=2.2117, J3=0.4546
    batch_train_loss: 2.1975, original=2.1975, J3=0.4382
    batch_train_loss: 2.2007, original=2.2007, J3=0.4803
    batch_train_loss: 2.2058, original=2.2058, J3=0.4908
    batch_train_loss: 2.2103, original=2.2103, J3=0.4879
    batch_train_loss: 2.2067, original=2.2067, J3=0.4631
    batch_train_loss: 2.2002, original=2.2002, J3=0.4969
    batch_train_loss: 2.2068, original=2.2068, J3=0.4761
    batch_train_loss: 2.2083, original=2.2083, J3=0.4969
    batch_train_loss: 2.1977, original=2.1977, J3=0.4719
    batch_train_loss: 2.2000, original=2.2000, J3=0.4891
    batch_train_loss: 2.1926, original=2.1926, J3=0.4693
    batch_train_loss: 2.1956, original=2.1956, J3=0.4672
    batch_train_loss: 2.2004, original=2.2004, J3=0.4793
    batch_train_loss: 2.1771, original=2.1771, J3=0.4633
(num=200,lam=0.001,coef=1.2000000000000002)epoch=10, trainloss=2.202, testloss=['1.920', '2.226', '2.128', '2.149', '2.160', '2.238', '2.071', '2.155', '2.103', '2.198'], testacc=['98.469', '37.181', '63.760', '68.317', '58.350', '9.193', '84.134', '73.346', '94.353', '31.219']
    batch_train_loss: 2.1727, original=2.1727, J3=0.4760
    batch_train_loss: 2.1806, original=2.1806, J3=0.4879
    batch_train_loss: 2.1813, original=2.1813, J3=0.4908
    batch_train_loss: 2.1872, original=2.1872, J3=0.4546
    batch_train_loss: 2.1806, original=2.1806, J3=0.4577
    batch_train_loss: 2.1660, original=2.1660, J3=0.4582
    batch_train_loss: 2.1680, original=2.1680, J3=0.5032
    batch_train_loss: 2.1693, original=2.1693, J3=0.4815
    batch_train_loss: 2.1803, original=2.1803, J3=0.4732
    batch_train_loss: 2.1867, original=2.1867, J3=0.4887
    batch_train_loss: 2.1932, original=2.1932, J3=0.4956
    batch_train_loss: 2.1832, original=2.1832, J3=0.4566
    batch_train_loss: 2.1802, original=2.1802, J3=0.5109
    batch_train_loss: 2.1791, original=2.1791, J3=0.4989
    batch_train_loss: 2.1720, original=2.1720, J3=0.4986
    batch_train_loss: 2.1721, original=2.1721, J3=0.4754
    batch_train_loss: 2.1788, original=2.1788, J3=0.4659
    batch_train_loss: 2.1751, original=2.1751, J3=0.5168
    batch_train_loss: 2.1416, original=2.1416, J3=0.5342
    batch_train_loss: 2.1647, original=2.1647, J3=0.5030
(num=200,lam=0.001,coef=1.2000000000000002)epoch=11, trainloss=2.176, testloss=['1.837', '2.195', '2.109', '2.131', '2.123', '2.220', '2.012', '2.119', '2.072', '2.182'], testacc=['98.265', '45.991', '57.752', '64.356', '61.100', '12.780', '87.056', '75.973', '92.608', '27.453']
    batch_train_loss: 2.1786, original=2.1786, J3=0.5244
    batch_train_loss: 2.1482, original=2.1482, J3=0.4400
    batch_train_loss: 2.1581, original=2.1581, J3=0.4764
    batch_train_loss: 2.1670, original=2.1670, J3=0.5348
    batch_train_loss: 2.1643, original=2.1643, J3=0.5044
    batch_train_loss: 2.1580, original=2.1580, J3=0.4913
    batch_train_loss: 2.1486, original=2.1486, J3=0.4557
    batch_train_loss: 2.1382, original=2.1382, J3=0.4959
    batch_train_loss: 2.1421, original=2.1421, J3=0.4947
    batch_train_loss: 2.1679, original=2.1679, J3=0.4831
    batch_train_loss: 2.1302, original=2.1302, J3=0.5328
    batch_train_loss: 2.1416, original=2.1416, J3=0.5030
    batch_train_loss: 2.1387, original=2.1387, J3=0.5379
    batch_train_loss: 2.1117, original=2.1117, J3=0.4950
    batch_train_loss: 2.1134, original=2.1134, J3=0.4857
    batch_train_loss: 2.1249, original=2.1249, J3=0.4672
    batch_train_loss: 2.1226, original=2.1226, J3=0.4799
    batch_train_loss: 2.1413, original=2.1413, J3=0.4769
    batch_train_loss: 2.1247, original=2.1247, J3=0.5555
    batch_train_loss: 2.1357, original=2.1357, J3=0.5005
(num=200,lam=0.001,coef=1.2000000000000002)epoch=12, trainloss=2.143, testloss=['1.727', '2.159', '2.064', '2.070', '2.081', '2.206', '1.972', '2.089', '2.038', '2.168'], testacc=['98.673', '54.097', '61.725', '77.822', '65.886', '11.323', '84.134', '75.292', '92.197', '24.579']
    batch_train_loss: 2.1427, original=2.1427, J3=0.5030
    batch_train_loss: 2.0997, original=2.0997, J3=0.5191
    batch_train_loss: 2.1056, original=2.1056, J3=0.4971
    batch_train_loss: 2.1055, original=2.1055, J3=0.5406
    batch_train_loss: 2.1491, original=2.1491, J3=0.5394
    batch_train_loss: 2.1157, original=2.1157, J3=0.5004
    batch_train_loss: 2.1206, original=2.1206, J3=0.4855
    batch_train_loss: 2.1278, original=2.1278, J3=0.4689
    batch_train_loss: 2.0918, original=2.0918, J3=0.5183
    batch_train_loss: 2.0918, original=2.0918, J3=0.4941
    batch_train_loss: 2.1261, original=2.1261, J3=0.5352
    batch_train_loss: 2.1095, original=2.1095, J3=0.4865
    batch_train_loss: 2.0924, original=2.0924, J3=0.4690
    batch_train_loss: 2.0956, original=2.0956, J3=0.5149
    batch_train_loss: 2.0910, original=2.0910, J3=0.5360
    batch_train_loss: 2.0613, original=2.0613, J3=0.4984
    batch_train_loss: 2.0949, original=2.0949, J3=0.5442
    batch_train_loss: 2.0837, original=2.0837, J3=0.5408
    batch_train_loss: 2.0810, original=2.0810, J3=0.5076
    batch_train_loss: 2.0581, original=2.0581, J3=0.5437
(num=200,lam=0.001,coef=1.2000000000000002)epoch=13, trainloss=2.102, testloss=['1.606', '2.099', '2.009', '2.018', '2.019', '2.192', '1.897', '2.045', '1.999', '2.150'], testacc=['98.571', '65.022', '65.116', '80.297', '69.857', '9.978', '85.804', '75.486', '89.733', '20.714']
    batch_train_loss: 2.1130, original=2.1130, J3=0.5515
    batch_train_loss: 2.0817, original=2.0817, J3=0.5404
    batch_train_loss: 2.0410, original=2.0410, J3=0.4898
    batch_train_loss: 2.0675, original=2.0675, J3=0.5028
    batch_train_loss: 2.0898, original=2.0898, J3=0.5335
    batch_train_loss: 2.1138, original=2.1138, J3=0.5813
    batch_train_loss: 2.0717, original=2.0717, J3=0.5402
    batch_train_loss: 2.0409, original=2.0409, J3=0.5206
    batch_train_loss: 2.0085, original=2.0085, J3=0.5370
    batch_train_loss: 2.0558, original=2.0558, J3=0.5329
    batch_train_loss: 2.0956, original=2.0956, J3=0.5440
    batch_train_loss: 2.0557, original=2.0557, J3=0.5314
    batch_train_loss: 2.0703, original=2.0703, J3=0.5345
    batch_train_loss: 2.0378, original=2.0378, J3=0.5152
    batch_train_loss: 2.0122, original=2.0122, J3=0.5627
    batch_train_loss: 2.0389, original=2.0389, J3=0.5146
    batch_train_loss: 2.0022, original=2.0022, J3=0.5503
    batch_train_loss: 1.9815, original=1.9815, J3=0.5170
    batch_train_loss: 2.0317, original=2.0317, J3=0.5460
    batch_train_loss: 2.0287, original=2.0287, J3=0.4891
(num=200,lam=0.001,coef=1.2000000000000002)epoch=14, trainloss=2.052, testloss=['1.430', '2.032', '1.937', '1.997', '1.967', '2.148', '1.806', '1.970', '1.955', '2.112'], testacc=['98.980', '72.070', '67.829', '71.782', '66.904', '18.161', '85.073', '78.210', '87.782', '28.741']
    batch_train_loss: 2.0146, original=2.0146, J3=0.5399
    batch_train_loss: 2.0433, original=2.0433, J3=0.5758
    batch_train_loss: 1.9737, original=1.9737, J3=0.5349
    batch_train_loss: 2.0027, original=2.0027, J3=0.5110
    batch_train_loss: 1.9957, original=1.9957, J3=0.5229
    batch_train_loss: 2.0122, original=2.0122, J3=0.5470
    batch_train_loss: 1.9773, original=1.9773, J3=0.5893
    batch_train_loss: 2.0528, original=2.0528, J3=0.6125
    batch_train_loss: 2.0183, original=2.0183, J3=0.5642
    batch_train_loss: 1.9876, original=1.9876, J3=0.5293
    batch_train_loss: 1.9969, original=1.9969, J3=0.5705
    batch_train_loss: 1.9519, original=1.9519, J3=0.5035
    batch_train_loss: 1.9967, original=1.9967, J3=0.5660
    batch_train_loss: 1.9501, original=1.9501, J3=0.5602
    batch_train_loss: 1.9640, original=1.9640, J3=0.5099
    batch_train_loss: 1.9944, original=1.9944, J3=0.6010
    batch_train_loss: 1.9642, original=1.9642, J3=0.5956
    batch_train_loss: 1.9602, original=1.9602, J3=0.5171
    batch_train_loss: 1.9315, original=1.9315, J3=0.5530
    batch_train_loss: 2.0014, original=2.0014, J3=0.5504
(num=200,lam=0.001,coef=1.2000000000000002)epoch=15, trainloss=1.989, testloss=['1.246', '1.921', '1.849', '1.929', '1.870', '2.125', '1.720', '1.867', '1.881', '2.079'], testacc=['99.082', '78.943', '69.864', '72.673', '72.607', '16.368', '83.403', '79.864', '88.398', '22.894']
    batch_train_loss: 1.9252, original=1.9252, J3=0.5666
    batch_train_loss: 1.9464, original=1.9464, J3=0.5443
    batch_train_loss: 1.9834, original=1.9834, J3=0.5694
    batch_train_loss: 1.9466, original=1.9466, J3=0.5822
    batch_train_loss: 1.9158, original=1.9158, J3=0.5567
    batch_train_loss: 1.9910, original=1.9910, J3=0.5874
    batch_train_loss: 1.9515, original=1.9515, J3=0.5566
    batch_train_loss: 1.9407, original=1.9407, J3=0.5990
    batch_train_loss: 1.9132, original=1.9132, J3=0.5942
    batch_train_loss: 1.8837, original=1.8837, J3=0.6081
    batch_train_loss: 1.8951, original=1.8951, J3=0.5608
    batch_train_loss: 1.8926, original=1.8926, J3=0.5161
    batch_train_loss: 1.9530, original=1.9530, J3=0.5995
    batch_train_loss: 1.9099, original=1.9099, J3=0.5948
    batch_train_loss: 1.9482, original=1.9482, J3=0.6044
    batch_train_loss: 1.8262, original=1.8262, J3=0.5712
    batch_train_loss: 1.8592, original=1.8592, J3=0.5968
    batch_train_loss: 1.8514, original=1.8514, J3=0.6115
    batch_train_loss: 1.8642, original=1.8642, J3=0.5969
    batch_train_loss: 1.8683, original=1.8683, J3=0.5882
(num=200,lam=0.001,coef=1.2000000000000002)epoch=16, trainloss=1.913, testloss=['1.078', '1.785', '1.702', '1.806', '1.764', '2.088', '1.575', '1.750', '1.854', '2.030'], testacc=['98.469', '85.991', '77.713', '80.990', '74.644', '19.955', '87.787', '81.031', '82.444', '26.759']
    batch_train_loss: 1.8086, original=1.8086, J3=0.5449
    batch_train_loss: 1.9009, original=1.9009, J3=0.6124
    batch_train_loss: 1.8229, original=1.8229, J3=0.5748
    batch_train_loss: 1.8127, original=1.8127, J3=0.5892
    batch_train_loss: 1.8399, original=1.8399, J3=0.6146
    batch_train_loss: 1.9451, original=1.9451, J3=0.6238
    batch_train_loss: 1.8373, original=1.8373, J3=0.5405
    batch_train_loss: 1.8536, original=1.8536, J3=0.6025
    batch_train_loss: 1.7972, original=1.7972, J3=0.6471
    batch_train_loss: 1.8201, original=1.8201, J3=0.6109
    batch_train_loss: 1.8479, original=1.8479, J3=0.6434
    batch_train_loss: 1.8271, original=1.8271, J3=0.6113
    batch_train_loss: 1.7594, original=1.7594, J3=0.5718
    batch_train_loss: 1.7690, original=1.7690, J3=0.6491
    batch_train_loss: 1.8143, original=1.8143, J3=0.6532
    batch_train_loss: 1.8043, original=1.8043, J3=0.6250
    batch_train_loss: 1.8395, original=1.8395, J3=0.6744
    batch_train_loss: 1.7585, original=1.7585, J3=0.5907
    batch_train_loss: 1.8054, original=1.8054, J3=0.6654
    batch_train_loss: 1.8259, original=1.8259, J3=0.6392
(num=200,lam=0.001,coef=1.2000000000000002)epoch=17, trainloss=1.824, testloss=['0.851', '1.617', '1.589', '1.687', '1.639', '1.949', '1.445', '1.633', '1.812', '1.980'], testacc=['98.776', '89.692', '77.229', '82.079', '76.782', '38.565', '86.534', '81.420', '76.797', '28.345']
    batch_train_loss: 1.7516, original=1.7516, J3=0.6729
    batch_train_loss: 1.7608, original=1.7608, J3=0.6114
    batch_train_loss: 1.7625, original=1.7625, J3=0.6088
    batch_train_loss: 1.7691, original=1.7691, J3=0.6355
    batch_train_loss: 1.7879, original=1.7879, J3=0.6532
    batch_train_loss: 1.7611, original=1.7611, J3=0.6634
    batch_train_loss: 1.7087, original=1.7087, J3=0.6062
    batch_train_loss: 1.7832, original=1.7832, J3=0.6830
    batch_train_loss: 1.7191, original=1.7191, J3=0.6952
    batch_train_loss: 1.6851, original=1.6851, J3=0.5985
    batch_train_loss: 1.7334, original=1.7334, J3=0.5947
    batch_train_loss: 1.7062, original=1.7062, J3=0.5995
    batch_train_loss: 1.6435, original=1.6435, J3=0.6336
    batch_train_loss: 1.7317, original=1.7317, J3=0.7312
    batch_train_loss: 1.7047, original=1.7047, J3=0.6766
    batch_train_loss: 1.7120, original=1.7120, J3=0.6754
    batch_train_loss: 1.7368, original=1.7368, J3=0.6651
    batch_train_loss: 1.6838, original=1.6838, J3=0.6865
    batch_train_loss: 1.7032, original=1.7032, J3=0.6536
    batch_train_loss: 1.6207, original=1.6207, J3=0.6251
(num=200,lam=0.001,coef=1.2000000000000002)epoch=18, trainloss=1.723, testloss=['0.692', '1.522', '1.370', '1.563', '1.467', '1.941', '1.308', '1.502', '1.668', '1.869'], testacc=['98.469', '87.577', '82.752', '81.584', '79.124', '29.933', '87.474', '81.323', '82.136', '33.697']
    batch_train_loss: 1.7463, original=1.7463, J3=0.6985
    batch_train_loss: 1.7092, original=1.7092, J3=0.6642
    batch_train_loss: 1.5690, original=1.5690, J3=0.6153
    batch_train_loss: 1.6447, original=1.6447, J3=0.6781
    batch_train_loss: 1.6142, original=1.6142, J3=0.6426
    batch_train_loss: 1.6185, original=1.6185, J3=0.6791
    batch_train_loss: 1.6423, original=1.6423, J3=0.6815
    batch_train_loss: 1.6016, original=1.6016, J3=0.6273
    batch_train_loss: 1.6480, original=1.6480, J3=0.7106
    batch_train_loss: 1.6226, original=1.6226, J3=0.7199
    batch_train_loss: 1.6510, original=1.6510, J3=0.6629
    batch_train_loss: 1.5881, original=1.5881, J3=0.6485
    batch_train_loss: 1.5462, original=1.5462, J3=0.7048
    batch_train_loss: 1.6314, original=1.6314, J3=0.7038
    batch_train_loss: 1.5889, original=1.5889, J3=0.7147
    batch_train_loss: 1.6210, original=1.6210, J3=0.7266
    batch_train_loss: 1.5932, original=1.5932, J3=0.7025
    batch_train_loss: 1.6270, original=1.6270, J3=0.6977
    batch_train_loss: 1.5276, original=1.5276, J3=0.6812
    batch_train_loss: 1.5804, original=1.5804, J3=0.7131
(num=200,lam=0.001,coef=1.2000000000000002)epoch=19, trainloss=1.619, testloss=['0.574', '1.352', '1.198', '1.424', '1.320', '1.758', '1.199', '1.325', '1.576', '1.792'], testacc=['98.265', '89.780', '84.981', '82.673', '81.772', '48.767', '86.848', '82.685', '82.957', '36.571']
    batch_train_loss: 1.5100, original=1.5100, J3=0.7364
    batch_train_loss: 1.5821, original=1.5821, J3=0.6968
    batch_train_loss: 1.5418, original=1.5418, J3=0.6726
    batch_train_loss: 1.5050, original=1.5050, J3=0.6550
    batch_train_loss: 1.5758, original=1.5758, J3=0.7087
    batch_train_loss: 1.6087, original=1.6087, J3=0.7615
    batch_train_loss: 1.4971, original=1.4971, J3=0.7242
    batch_train_loss: 1.6113, original=1.6113, J3=0.6865
    batch_train_loss: 1.5143, original=1.5143, J3=0.7109
    batch_train_loss: 1.5695, original=1.5695, J3=0.6842
    batch_train_loss: 1.4647, original=1.4647, J3=0.6958
    batch_train_loss: 1.4091, original=1.4091, J3=0.7279
    batch_train_loss: 1.5715, original=1.5715, J3=0.7588
    batch_train_loss: 1.5325, original=1.5325, J3=0.7440
    batch_train_loss: 1.4066, original=1.4066, J3=0.6218
    batch_train_loss: 1.4855, original=1.4855, J3=0.7295
    batch_train_loss: 1.4564, original=1.4564, J3=0.7556
    batch_train_loss: 1.5068, original=1.5068, J3=0.7535
    batch_train_loss: 1.5001, original=1.5001, J3=0.7099
    batch_train_loss: 1.4839, original=1.4839, J3=0.7450
(num=200,lam=0.001,coef=1.2000000000000002)epoch=20, trainloss=1.517, testloss=['0.466', '1.261', '1.031', '1.288', '1.231', '1.691', '1.060', '1.237', '1.449', '1.612'], testacc=['97.857', '88.194', '86.725', '82.475', '77.902', '48.318', '87.056', '80.837', '84.600', '54.509']
    batch_train_loss: 1.5796, original=1.5796, J3=0.7801
    batch_train_loss: 1.5179, original=1.5179, J3=0.7682
    batch_train_loss: 1.4428, original=1.4428, J3=0.6446
    batch_train_loss: 1.4270, original=1.4270, J3=0.7470
    batch_train_loss: 1.3758, original=1.3758, J3=0.6882
    batch_train_loss: 1.4632, original=1.4632, J3=0.7342
    batch_train_loss: 1.5616, original=1.5616, J3=0.7851
    batch_train_loss: 1.4761, original=1.4761, J3=0.7130
    batch_train_loss: 1.3899, original=1.3899, J3=0.7437
    batch_train_loss: 1.3503, original=1.3503, J3=0.6884
    batch_train_loss: 1.4195, original=1.4195, J3=0.7595
    batch_train_loss: 1.4453, original=1.4453, J3=0.7409
    batch_train_loss: 1.4224, original=1.4224, J3=0.7367
    batch_train_loss: 1.4660, original=1.4660, J3=0.7873
    batch_train_loss: 1.3653, original=1.3653, J3=0.7084
    batch_train_loss: 1.4127, original=1.4127, J3=0.7635
    batch_train_loss: 1.4118, original=1.4118, J3=0.7771
    batch_train_loss: 1.3128, original=1.3128, J3=0.7620
    batch_train_loss: 1.3124, original=1.3124, J3=0.6858
    batch_train_loss: 1.3966, original=1.3966, J3=0.8090
(num=200,lam=0.001,coef=1.2000000000000002)epoch=21, trainloss=1.427, testloss=['0.431', '1.172', '0.939', '1.142', '1.082', '1.532', '0.941', '1.133', '1.369', '1.504'], testacc=['97.347', '88.634', '86.240', '85.446', '80.346', '57.623', '87.787', '80.739', '82.649', '57.185']
    batch_train_loss: 1.4338, original=1.4338, J3=0.7803
    batch_train_loss: 1.3654, original=1.3654, J3=0.8251
    batch_train_loss: 1.3990, original=1.3990, J3=0.7741
    batch_train_loss: 1.4399, original=1.4399, J3=0.7503
    batch_train_loss: 1.3843, original=1.3843, J3=0.7673
    batch_train_loss: 1.3801, original=1.3801, J3=0.7609
    batch_train_loss: 1.3526, original=1.3526, J3=0.7242
    batch_train_loss: 1.4079, original=1.4079, J3=0.7887
    batch_train_loss: 1.3226, original=1.3226, J3=0.7168
    batch_train_loss: 1.2734, original=1.2734, J3=0.7614
    batch_train_loss: 1.3083, original=1.3083, J3=0.7408
    batch_train_loss: 1.3275, original=1.3275, J3=0.7389
    batch_train_loss: 1.3185, original=1.3185, J3=0.8134
    batch_train_loss: 1.3109, original=1.3109, J3=0.7208
    batch_train_loss: 1.2160, original=1.2160, J3=0.7416
    batch_train_loss: 1.3621, original=1.3621, J3=0.7424
    batch_train_loss: 1.3691, original=1.3691, J3=0.8239
    batch_train_loss: 1.3034, original=1.3034, J3=0.6690
    batch_train_loss: 1.3121, original=1.3121, J3=0.7956
    batch_train_loss: 1.3541, original=1.3541, J3=0.7530
(num=200,lam=0.001,coef=1.2000000000000002)epoch=22, trainloss=1.347, testloss=['0.367', '1.077', '0.818', '0.990', '1.029', '1.449', '0.866', '1.094', '1.277', '1.464'], testacc=['97.551', '88.811', '87.306', '87.426', '79.735', '59.081', '87.578', '79.961', '81.725', '57.681']
    batch_train_loss: 1.2406, original=1.2406, J3=0.7071
    batch_train_loss: 1.3992, original=1.3992, J3=0.8431
    batch_train_loss: 1.3174, original=1.3174, J3=0.8357
    batch_train_loss: 1.2557, original=1.2557, J3=0.7021
    batch_train_loss: 1.2486, original=1.2486, J3=0.7627
    batch_train_loss: 1.2441, original=1.2441, J3=0.7291
    batch_train_loss: 1.4006, original=1.4006, J3=0.7459
    batch_train_loss: 1.2548, original=1.2548, J3=0.7601
    batch_train_loss: 1.2643, original=1.2643, J3=0.7898
    batch_train_loss: 1.2139, original=1.2139, J3=0.7997
    batch_train_loss: 1.3898, original=1.3898, J3=0.7824
    batch_train_loss: 1.2241, original=1.2241, J3=0.7595
    batch_train_loss: 1.2641, original=1.2641, J3=0.8073
    batch_train_loss: 1.2186, original=1.2186, J3=0.7222
    batch_train_loss: 1.2251, original=1.2251, J3=0.7861
    batch_train_loss: 1.3827, original=1.3827, J3=0.8710
    batch_train_loss: 1.2469, original=1.2469, J3=0.7608
    batch_train_loss: 1.2010, original=1.2010, J3=0.7641
    batch_train_loss: 1.2414, original=1.2414, J3=0.8063
    batch_train_loss: 1.4245, original=1.4245, J3=0.7979
(num=200,lam=0.001,coef=1.2000000000000002)epoch=23, trainloss=1.283, testloss=['0.346', '1.024', '0.761', '0.982', '0.935', '1.359', '0.800', '1.005', '1.152', '1.373'], testacc=['97.347', '88.282', '87.209', '84.851', '80.855', '62.556', '87.056', '80.642', '85.934', '60.357']
    batch_train_loss: 1.1231, original=1.1231, J3=0.7169
    batch_train_loss: 1.2058, original=1.2058, J3=0.7950
    batch_train_loss: 1.1703, original=1.1703, J3=0.7182
    batch_train_loss: 1.2292, original=1.2292, J3=0.7726
    batch_train_loss: 1.2424, original=1.2424, J3=0.8289
    batch_train_loss: 1.2518, original=1.2518, J3=0.8626
    batch_train_loss: 1.3481, original=1.3481, J3=0.8210
    batch_train_loss: 1.3923, original=1.3923, J3=0.8196
    batch_train_loss: 1.1492, original=1.1492, J3=0.7795
    batch_train_loss: 1.2182, original=1.2182, J3=0.7569
    batch_train_loss: 1.2217, original=1.2217, J3=0.8131
    batch_train_loss: 1.3304, original=1.3304, J3=0.8317
    batch_train_loss: 1.1676, original=1.1676, J3=0.7743
    batch_train_loss: 1.2305, original=1.2305, J3=0.7749
    batch_train_loss: 1.1874, original=1.1874, J3=0.7615
    batch_train_loss: 1.2006, original=1.2006, J3=0.7478
    batch_train_loss: 1.2712, original=1.2712, J3=0.7984
    batch_train_loss: 1.2399, original=1.2399, J3=0.7838
    batch_train_loss: 1.1776, original=1.1776, J3=0.7653
    batch_train_loss: 1.1427, original=1.1427, J3=0.7480
(num=200,lam=0.001,coef=1.2000000000000002)epoch=24, trainloss=1.225, testloss=['0.325', '0.995', '0.693', '0.900', '0.919', '1.239', '0.776', '0.958', '1.090', '1.350'], testacc=['97.347', '87.753', '87.403', '85.545', '80.143', '68.498', '86.743', '80.934', '85.832', '62.735']
    batch_train_loss: 1.1660, original=1.1660, J3=0.7647
    batch_train_loss: 1.2481, original=1.2481, J3=0.7858
    batch_train_loss: 1.1596, original=1.1596, J3=0.7750
    batch_train_loss: 1.1217, original=1.1217, J3=0.7380
    batch_train_loss: 1.1654, original=1.1654, J3=0.7969
    batch_train_loss: 1.1725, original=1.1725, J3=0.7868
    batch_train_loss: 1.3166, original=1.3166, J3=0.7873
    batch_train_loss: 1.1958, original=1.1958, J3=0.7589
    batch_train_loss: 1.1809, original=1.1809, J3=0.7686
    batch_train_loss: 1.1956, original=1.1956, J3=0.8019
    batch_train_loss: 1.1721, original=1.1721, J3=0.7192
    batch_train_loss: 1.1609, original=1.1609, J3=0.8117
    batch_train_loss: 1.1654, original=1.1654, J3=0.8160
    batch_train_loss: 1.2343, original=1.2343, J3=0.7677
    batch_train_loss: 1.1787, original=1.1787, J3=0.8046
    batch_train_loss: 1.0699, original=1.0699, J3=0.8110
    batch_train_loss: 1.1715, original=1.1715, J3=0.7901
    batch_train_loss: 1.0515, original=1.0515, J3=0.7735
    batch_train_loss: 1.1904, original=1.1904, J3=0.7793
    batch_train_loss: 1.0858, original=1.0858, J3=0.7914
(num=200,lam=0.001,coef=1.2000000000000002)epoch=25, trainloss=1.170, testloss=['0.316', '0.933', '0.644', '0.830', '0.878', '1.246', '0.720', '0.935', '1.043', '1.215'], testacc=['97.245', '88.546', '87.694', '86.535', '78.615', '65.359', '87.265', '79.280', '85.626', '69.574']
    batch_train_loss: 1.0950, original=1.0950, J3=0.7301
    batch_train_loss: 1.3142, original=1.3142, J3=0.8519
    batch_train_loss: 1.1779, original=1.1779, J3=0.8557
    batch_train_loss: 1.0566, original=1.0566, J3=0.7773
    batch_train_loss: 1.0745, original=1.0745, J3=0.7671
    batch_train_loss: 1.1764, original=1.1764, J3=0.7733
    batch_train_loss: 1.0895, original=1.0895, J3=0.8075
    batch_train_loss: 1.0653, original=1.0653, J3=0.8017
    batch_train_loss: 1.0584, original=1.0584, J3=0.7888
    batch_train_loss: 1.2068, original=1.2068, J3=0.8246
    batch_train_loss: 1.0664, original=1.0664, J3=0.7897
    batch_train_loss: 1.0169, original=1.0169, J3=0.6957
    batch_train_loss: 1.1168, original=1.1168, J3=0.7228
    batch_train_loss: 1.0750, original=1.0750, J3=0.7403
    batch_train_loss: 1.1507, original=1.1507, J3=0.8022
    batch_train_loss: 1.1353, original=1.1353, J3=0.7860
    batch_train_loss: 1.1838, original=1.1838, J3=0.7820
    batch_train_loss: 1.1078, original=1.1078, J3=0.7778
    batch_train_loss: 1.1747, original=1.1747, J3=0.7399
    batch_train_loss: 1.1832, original=1.1832, J3=0.8075
(num=200,lam=0.001,coef=1.2000000000000002)epoch=26, trainloss=1.126, testloss=['0.285', '0.857', '0.648', '0.831', '0.841', '1.199', '0.642', '0.852', '0.981', '1.212'], testacc=['97.449', '89.515', '86.822', '85.644', '79.226', '66.704', '88.518', '81.809', '88.090', '68.285']
    batch_train_loss: 1.1987, original=1.1987, J3=0.8120
    batch_train_loss: 1.0877, original=1.0877, J3=0.7916
    batch_train_loss: 0.9549, original=0.9549, J3=0.7833
    batch_train_loss: 1.1249, original=1.1249, J3=0.7447
    batch_train_loss: 1.1291, original=1.1291, J3=0.7614
    batch_train_loss: 1.1343, original=1.1343, J3=0.8030
    batch_train_loss: 1.1083, original=1.1083, J3=0.7577
    batch_train_loss: 0.9890, original=0.9890, J3=0.7650
    batch_train_loss: 1.1729, original=1.1729, J3=0.8001
    batch_train_loss: 1.0839, original=1.0839, J3=0.8020
    batch_train_loss: 1.0030, original=1.0030, J3=0.7345
    batch_train_loss: 0.9733, original=0.9733, J3=0.7114
    batch_train_loss: 1.1284, original=1.1284, J3=0.8012
    batch_train_loss: 1.0530, original=1.0530, J3=0.8502
    batch_train_loss: 1.0250, original=1.0250, J3=0.7478
    batch_train_loss: 1.0912, original=1.0912, J3=0.7483
    batch_train_loss: 1.1082, original=1.1082, J3=0.7642
    batch_train_loss: 1.1783, original=1.1783, J3=0.7314
    batch_train_loss: 1.0425, original=1.0425, J3=0.7653
    batch_train_loss: 1.0725, original=1.0725, J3=0.7998
(num=200,lam=0.001,coef=1.2000000000000002)epoch=27, trainloss=1.083, testloss=['0.288', '0.833', '0.607', '0.793', '0.824', '1.083', '0.647', '0.846', '0.953', '1.142'], testacc=['97.143', '89.515', '87.597', '85.941', '79.226', '72.982', '87.474', '81.226', '87.269', '71.754']
    batch_train_loss: 1.1616, original=1.1616, J3=0.7597
    batch_train_loss: 1.2387, original=1.2387, J3=0.8054
    batch_train_loss: 1.0348, original=1.0348, J3=0.7678
    batch_train_loss: 1.0708, original=1.0708, J3=0.8055
    batch_train_loss: 0.9857, original=0.9857, J3=0.6719
    batch_train_loss: 1.0772, original=1.0772, J3=0.7845
    batch_train_loss: 1.0252, original=1.0252, J3=0.7428
    batch_train_loss: 1.0730, original=1.0730, J3=0.7650
    batch_train_loss: 0.9884, original=0.9884, J3=0.7311
    batch_train_loss: 1.0912, original=1.0912, J3=0.7905
    batch_train_loss: 0.9992, original=0.9992, J3=0.8293
    batch_train_loss: 1.0228, original=1.0228, J3=0.7364
    batch_train_loss: 0.9945, original=0.9945, J3=0.7735
    batch_train_loss: 1.1197, original=1.1197, J3=0.7894
    batch_train_loss: 0.9564, original=0.9564, J3=0.7152
    batch_train_loss: 1.0351, original=1.0351, J3=0.8108
    batch_train_loss: 1.0855, original=1.0855, J3=0.7570
    batch_train_loss: 1.0435, original=1.0435, J3=0.8419
    batch_train_loss: 0.9419, original=0.9419, J3=0.7184
    batch_train_loss: 0.9784, original=0.9784, J3=0.8272
(num=200,lam=0.001,coef=1.2000000000000002)epoch=28, trainloss=1.046, testloss=['0.270', '0.829', '0.568', '0.750', '0.759', '1.140', '0.598', '0.818', '0.896', '1.135'], testacc=['97.449', '89.251', '88.178', '86.337', '81.263', '67.713', '88.518', '81.712', '88.398', '69.673']
    batch_train_loss: 1.0077, original=1.0077, J3=0.7065
    batch_train_loss: 0.9695, original=0.9695, J3=0.7778
    batch_train_loss: 0.9974, original=0.9974, J3=0.7311
    batch_train_loss: 0.9457, original=0.9457, J3=0.7972
    batch_train_loss: 1.0357, original=1.0357, J3=0.8367
    batch_train_loss: 1.0823, original=1.0823, J3=0.8189
    batch_train_loss: 0.9640, original=0.9640, J3=0.7610
    batch_train_loss: 1.1401, original=1.1401, J3=0.7440
    batch_train_loss: 1.1097, original=1.1097, J3=0.8265
    batch_train_loss: 1.0070, original=1.0070, J3=0.7828
    batch_train_loss: 0.9415, original=0.9415, J3=0.7268
    batch_train_loss: 0.9898, original=0.9898, J3=0.7513
    batch_train_loss: 1.0384, original=1.0384, J3=0.7970
    batch_train_loss: 0.9826, original=0.9826, J3=0.7795
    batch_train_loss: 1.0247, original=1.0247, J3=0.7247
    batch_train_loss: 0.8773, original=0.8773, J3=0.7072
    batch_train_loss: 1.1255, original=1.1255, J3=0.8146
    batch_train_loss: 1.0836, original=1.0836, J3=0.8188
    batch_train_loss: 0.9511, original=0.9511, J3=0.7420
    batch_train_loss: 0.9822, original=0.9822, J3=0.7094
                                                                                                                                                                                                                                                                                                                                                                                                                                                                                                                                                                                                                                                                                                                                                                                                                                                                                                                                                                                                                                                                                                                                                                                                                                                                                                                                                                                                                                                                                                                                                                                                                                                                                                                                                                                                                                                                                                                                                                                                                                                                 