[5.57173714 3.65246944 5.63706573 5.29105087 4.96357796 5.40965385
 5.10678444 4.7859333  5.37644348 4.84713043]
    batch_train_loss: 2.3059, original=2.3059, J6=0.0000
    batch_train_loss: 2.3085, original=2.3085, J6=0.0000
    batch_train_loss: 2.3033, original=2.3033, J6=0.0000
    batch_train_loss: 2.3035, original=2.3035, J6=0.0000
    batch_train_loss: 2.3103, original=2.3103, J6=0.0000
    batch_train_loss: 2.3193, original=2.3193, J6=0.0000
    batch_train_loss: 2.3086, original=2.3086, J6=0.0000
    batch_train_loss: 2.2985, original=2.2985, J6=0.0000
    batch_train_loss: 2.2954, original=2.2954, J6=0.0000
    batch_train_loss: 2.3095, original=2.3095, J6=0.0000
    batch_train_loss: 2.3085, original=2.3085, J6=0.0000
    batch_train_loss: 2.2963, original=2.2963, J6=0.0000
    batch_train_loss: 2.3045, original=2.3045, J6=0.0000
    batch_train_loss: 2.3040, original=2.3040, J6=0.0000
    batch_train_loss: 2.2989, original=2.2989, J6=0.0000
    batch_train_loss: 2.3035, original=2.3035, J6=0.0000
    batch_train_loss: 2.3007, original=2.3007, J6=0.0000
    batch_train_loss: 2.2999, original=2.2999, J6=0.0000
    batch_train_loss: 2.2948, original=2.2948, J6=0.0000
    batch_train_loss: 2.2978, original=2.2978, J6=0.0000
(num=200,lam=0.0001,coef=0.56)epoch=0, trainloss=2.304, testloss=['2.351', '2.266', '2.252', '2.373', '2.302', '2.351', '2.277', '2.239', '2.292', '2.267'], testacc=['0.000', '25.374', '9.981', '0.000', '0.000', '0.000', '0.104', '85.117', '0.205', '5.550']
    batch_train_loss: 2.2949, original=2.2949, J6=0.0000
    batch_train_loss: 2.2966, original=2.2966, J6=0.0000
    batch_train_loss: 2.2959, original=2.2959, J6=0.0000
    batch_train_loss: 2.2955, original=2.2955, J6=0.0000
    batch_train_loss: 2.2929, original=2.2929, J6=0.0000
    batch_train_loss: 2.2980, original=2.2980, J6=0.0000
    batch_train_loss: 2.2975, original=2.2975, J6=0.0000
    batch_train_loss: 2.2967, original=2.2967, J6=0.0000
    batch_train_loss: 2.2860, original=2.2860, J6=0.0000
    batch_train_loss: 2.2873, original=2.2873, J6=0.0000
    batch_train_loss: 2.2900, original=2.2900, J6=0.0000
    batch_train_loss: 2.2862, original=2.2862, J6=0.0000
    batch_train_loss: 2.2940, original=2.2940, J6=0.0000
    batch_train_loss: 2.2928, original=2.2928, J6=0.0000
    batch_train_loss: 2.2835, original=2.2835, J6=0.0000
    batch_train_loss: 2.2885, original=2.2885, J6=0.0000
    batch_train_loss: 2.2892, original=2.2892, J6=0.0000
    batch_train_loss: 2.2825, original=2.2825, J6=0.0000
    batch_train_loss: 2.2827, original=2.2827, J6=0.0000
    batch_train_loss: 2.2836, original=2.2836, J6=0.0000
(num=200,lam=0.0001,coef=0.56)epoch=1, trainloss=2.291, testloss=['2.314', '2.277', '2.241', '2.347', '2.284', '2.337', '2.264', '2.238', '2.264', '2.256'], testacc=['0.000', '9.604', '43.702', '0.000', '2.037', '0.000', '2.296', '84.047', '4.723', '30.723']
    batch_train_loss: 2.2845, original=2.2845, J6=0.0000
    batch_train_loss: 2.2789, original=2.2789, J6=0.0000
    batch_train_loss: 2.2801, original=2.2801, J6=0.0000
    batch_train_loss: 2.2767, original=2.2767, J6=0.0000
    batch_train_loss: 2.2765, original=2.2765, J6=0.0000
    batch_train_loss: 2.2804, original=2.2804, J6=0.0000
    batch_train_loss: 2.2763, original=2.2763, J6=0.0000
    batch_train_loss: 2.2815, original=2.2815, J6=0.0000
    batch_train_loss: 2.2738, original=2.2738, J6=0.0000
    batch_train_loss: 2.2753, original=2.2753, J6=0.0000
    batch_train_loss: 2.2745, original=2.2745, J6=0.0000
    batch_train_loss: 2.2762, original=2.2762, J6=0.0000
    batch_train_loss: 2.2715, original=2.2715, J6=0.0000
    batch_train_loss: 2.2689, original=2.2689, J6=0.0000
    batch_train_loss: 2.2744, original=2.2744, J6=0.0000
    batch_train_loss: 2.2697, original=2.2697, J6=0.0000
    batch_train_loss: 2.2807, original=2.2807, J6=0.0000
    batch_train_loss: 2.2675, original=2.2675, J6=0.0000
    batch_train_loss: 2.2679, original=2.2679, J6=0.0000
    batch_train_loss: 2.2729, original=2.2729, J6=0.0000
(num=200,lam=0.0001,coef=0.56)epoch=2, trainloss=2.275, testloss=['2.262', '2.278', '2.225', '2.321', '2.273', '2.337', '2.247', '2.235', '2.242', '2.243'], testacc=['1.429', '9.339', '68.217', '0.000', '7.637', '0.000', '9.395', '72.568', '39.220', '61.943']
    batch_train_loss: 2.2727, original=2.2727, J6=0.0000
    batch_train_loss: 2.2615, original=2.2615, J6=0.0000
    batch_train_loss: 2.2611, original=2.2611, J6=0.0000
    batch_train_loss: 2.2681, original=2.2681, J6=0.0000
    batch_train_loss: 2.2658, original=2.2658, J6=0.0000
    batch_train_loss: 2.2536, original=2.2536, J6=0.0000
    batch_train_loss: 2.2650, original=2.2650, J6=0.0000
    batch_train_loss: 2.2639, original=2.2639, J6=0.0000
    batch_train_loss: 2.2582, original=2.2582, J6=0.0000
    batch_train_loss: 2.2578, original=2.2578, J6=0.0000
    batch_train_loss: 2.2576, original=2.2576, J6=0.0000
    batch_train_loss: 2.2506, original=2.2506, J6=0.0000
    batch_train_loss: 2.2528, original=2.2528, J6=0.0000
    batch_train_loss: 2.2573, original=2.2573, J6=0.0000
    batch_train_loss: 2.2574, original=2.2574, J6=0.0000
    batch_train_loss: 2.2585, original=2.2585, J6=0.0000
    batch_train_loss: 2.2608, original=2.2608, J6=0.0000
    batch_train_loss: 2.2503, original=2.2503, J6=0.0000
    batch_train_loss: 2.2487, original=2.2487, J6=0.0000
    batch_train_loss: 2.2522, original=2.2522, J6=0.0000
(num=200,lam=0.0001,coef=0.56)epoch=3, trainloss=2.259, testloss=['2.221', '2.278', '2.215', '2.287', '2.262', '2.325', '2.222', '2.229', '2.217', '2.230'], testacc=['53.163', '8.811', '64.632', '1.584', '13.747', '0.000', '39.248', '66.440', '83.060', '71.952']
    batch_train_loss: 2.2395, original=2.2395, J6=0.0000
    batch_train_loss: 2.2531, original=2.2531, J6=0.0000
    batch_train_loss: 2.2425, original=2.2425, J6=0.0000
    batch_train_loss: 2.2462, original=2.2462, J6=0.0000
    batch_train_loss: 2.2457, original=2.2457, J6=0.0000
    batch_train_loss: 2.2456, original=2.2456, J6=0.0000
    batch_train_loss: 2.2468, original=2.2468, J6=0.0000
    batch_train_loss: 2.2391, original=2.2391, J6=0.0000
    batch_train_loss: 2.2456, original=2.2456, J6=0.0000
    batch_train_loss: 2.2441, original=2.2441, J6=0.0000
    batch_train_loss: 2.2443, original=2.2443, J6=0.0000
    batch_train_loss: 2.2388, original=2.2388, J6=0.0000
    batch_train_loss: 2.2395, original=2.2395, J6=0.0000
    batch_train_loss: 2.2364, original=2.2364, J6=0.0000
    batch_train_loss: 2.2317, original=2.2317, J6=0.0000
    batch_train_loss: 2.2289, original=2.2289, J6=0.0000
    batch_train_loss: 2.2301, original=2.2301, J6=0.0000
    batch_train_loss: 2.2362, original=2.2362, J6=0.0000
    batch_train_loss: 2.2315, original=2.2315, J6=0.0000
    batch_train_loss: 2.2293, original=2.2293, J6=0.0000
(num=200,lam=0.0001,coef=0.56)epoch=4, trainloss=2.240, testloss=['2.162', '2.277', '2.202', '2.258', '2.238', '2.311', '2.198', '2.223', '2.186', '2.224'], testacc=['91.837', '5.639', '58.915', '7.129', '34.318', '0.448', '64.927', '65.272', '96.304', '53.816']
    batch_train_loss: 2.2274, original=2.2274, J6=0.0000
    batch_train_loss: 2.2299, original=2.2299, J6=0.0000
    batch_train_loss: 2.2259, original=2.2259, J6=0.0000
    batch_train_loss: 2.2268, original=2.2268, J6=0.0000
    batch_train_loss: 2.2299, original=2.2299, J6=0.0000
    batch_train_loss: 2.2205, original=2.2205, J6=0.0000
    batch_train_loss: 2.2214, original=2.2214, J6=0.0000
    batch_train_loss: 2.2185, original=2.2185, J6=0.0000
    batch_train_loss: 2.2222, original=2.2222, J6=0.0000
    batch_train_loss: 2.2174, original=2.2174, J6=0.0000
    batch_train_loss: 2.2234, original=2.2234, J6=0.0000
    batch_train_loss: 2.2145, original=2.2145, J6=0.0000
    batch_train_loss: 2.2066, original=2.2066, J6=0.0000
    batch_train_loss: 2.2106, original=2.2106, J6=0.0000
    batch_train_loss: 2.2245, original=2.2245, J6=0.0000
    batch_train_loss: 2.2129, original=2.2129, J6=0.0000
    batch_train_loss: 2.2105, original=2.2105, J6=0.0000
    batch_train_loss: 2.2023, original=2.2023, J6=0.0000
    batch_train_loss: 2.2009, original=2.2009, J6=0.0000
    batch_train_loss: 2.1937, original=2.1937, J6=0.0000
(num=200,lam=0.0001,coef=0.56)epoch=5, trainloss=2.217, testloss=['2.103', '2.271', '2.188', '2.233', '2.215', '2.296', '2.157', '2.205', '2.150', '2.215'], testacc=['95.204', '5.639', '50.388', '12.178', '44.196', '1.009', '76.827', '68.385', '98.255', '36.868']
    batch_train_loss: 2.1894, original=2.1894, J6=0.0000
    batch_train_loss: 2.2044, original=2.2044, J6=0.0000
    batch_train_loss: 2.2056, original=2.2056, J6=0.0000
    batch_train_loss: 2.2096, original=2.2096, J6=0.0000
    batch_train_loss: 2.1931, original=2.1931, J6=0.0000
    batch_train_loss: 2.2011, original=2.2011, J6=0.0000
    batch_train_loss: 2.1942, original=2.1942, J6=0.0000
    batch_train_loss: 2.1831, original=2.1831, J6=0.0000
    batch_train_loss: 2.1943, original=2.1943, J6=0.0000
    batch_train_loss: 2.1841, original=2.1841, J6=0.0000
    batch_train_loss: 2.1838, original=2.1838, J6=0.0000
    batch_train_loss: 2.1904, original=2.1904, J6=0.0000
    batch_train_loss: 2.1910, original=2.1910, J6=0.0000
    batch_train_loss: 2.1808, original=2.1808, J6=0.0000
    batch_train_loss: 2.1870, original=2.1870, J6=0.0000
    batch_train_loss: 2.1834, original=2.1834, J6=0.0000
    batch_train_loss: 2.1747, original=2.1747, J6=0.0000
    batch_train_loss: 2.1767, original=2.1767, J6=0.0000
    batch_train_loss: 2.1804, original=2.1804, J6=0.0000
    batch_train_loss: 2.1792, original=2.1792, J6=0.0000
(num=200,lam=0.0001,coef=0.56)epoch=6, trainloss=2.189, testloss=['2.005', '2.267', '2.166', '2.192', '2.185', '2.278', '2.112', '2.182', '2.128', '2.206'], testacc=['97.653', '10.749', '53.004', '44.851', '55.397', '2.130', '83.194', '70.817', '95.277', '32.706']
    batch_train_loss: 2.1676, original=2.1676, J6=0.0000
    batch_train_loss: 2.1621, original=2.1621, J6=0.0000
    batch_train_loss: 2.1648, original=2.1648, J6=0.0000
    batch_train_loss: 2.1758, original=2.1758, J6=0.0000
    batch_train_loss: 2.1723, original=2.1723, J6=0.0000
    batch_train_loss: 2.1694, original=2.1694, J6=0.0000
    batch_train_loss: 2.1450, original=2.1450, J6=0.0000
    batch_train_loss: 2.1641, original=2.1641, J6=0.0000
    batch_train_loss: 2.1624, original=2.1624, J6=0.0000
    batch_train_loss: 2.1589, original=2.1589, J6=0.0000
    batch_train_loss: 2.1655, original=2.1655, J6=0.0000
    batch_train_loss: 2.1443, original=2.1443, J6=0.0000
    batch_train_loss: 2.1299, original=2.1299, J6=0.0000
    batch_train_loss: 2.1330, original=2.1330, J6=0.0000
    batch_train_loss: 2.1509, original=2.1509, J6=0.0000
    batch_train_loss: 2.1482, original=2.1482, J6=0.0000
    batch_train_loss: 2.1506, original=2.1506, J6=0.0000
    batch_train_loss: 2.1434, original=2.1434, J6=0.0000
    batch_train_loss: 2.1402, original=2.1402, J6=0.0000
    batch_train_loss: 2.1273, original=2.1273, J6=0.0000
(num=200,lam=0.0001,coef=0.56)epoch=7, trainloss=2.154, testloss=['1.893', '2.253', '2.123', '2.139', '2.160', '2.263', '2.048', '2.165', '2.076', '2.205'], testacc=['98.265', '11.454', '53.101', '58.515', '50.815', '2.242', '82.881', '66.342', '94.867', '15.362']
    batch_train_loss: 2.1359, original=2.1359, J6=0.0000
    batch_train_loss: 2.1218, original=2.1218, J6=0.0000
    batch_train_loss: 2.1156, original=2.1156, J6=0.0000
    batch_train_loss: 2.1202, original=2.1202, J6=0.0000
    batch_train_loss: 2.1320, original=2.1320, J6=0.0000
    batch_train_loss: 2.1061, original=2.1061, J6=0.0000
    batch_train_loss: 2.1149, original=2.1149, J6=0.0000
    batch_train_loss: 2.1229, original=2.1229, J6=0.0000
    batch_train_loss: 2.1097, original=2.1097, J6=0.0000
    batch_train_loss: 2.1171, original=2.1171, J6=0.0000
    batch_train_loss: 2.0930, original=2.0930, J6=0.0000
    batch_train_loss: 2.0813, original=2.0813, J6=0.0000
    batch_train_loss: 2.1033, original=2.1033, J6=0.0000
    batch_train_loss: 2.1048, original=2.1048, J6=0.0000
    batch_train_loss: 2.1168, original=2.1168, J6=0.0000
    batch_train_loss: 2.0965, original=2.0965, J6=0.0000
    batch_train_loss: 2.1055, original=2.1055, J6=0.0000
    batch_train_loss: 2.1008, original=2.1008, J6=0.0000
    batch_train_loss: 2.0617, original=2.0617, J6=0.0000
    batch_train_loss: 2.0855, original=2.0855, J6=0.0000
(num=200,lam=0.0001,coef=0.56)epoch=8, trainloss=2.107, testloss=['1.746', '2.209', '2.079', '2.105', '2.117', '2.240', '1.968', '2.117', '2.021', '2.194'], testacc=['98.673', '25.374', '51.550', '55.149', '52.240', '3.251', '83.194', '70.331', '93.532', '11.199']
    batch_train_loss: 2.0641, original=2.0641, J6=0.0000
    batch_train_loss: 2.0768, original=2.0768, J6=0.0000
    batch_train_loss: 2.0447, original=2.0447, J6=0.0000
    batch_train_loss: 2.0517, original=2.0517, J6=0.0000
    batch_train_loss: 2.0656, original=2.0656, J6=0.0000
    batch_train_loss: 2.0644, original=2.0644, J6=0.0000
    batch_train_loss: 2.0822, original=2.0822, J6=0.0000
    batch_train_loss: 2.0563, original=2.0563, J6=0.0000
    batch_train_loss: 2.0312, original=2.0312, J6=0.0000
    batch_train_loss: 2.0416, original=2.0416, J6=0.0000
    batch_train_loss: 2.0194, original=2.0194, J6=0.0000
    batch_train_loss: 2.0643, original=2.0643, J6=0.0000
    batch_train_loss: 2.0167, original=2.0167, J6=0.0000
    batch_train_loss: 2.0601, original=2.0601, J6=0.0000
    batch_train_loss: 2.0192, original=2.0192, J6=0.0000
    batch_train_loss: 2.0252, original=2.0252, J6=0.0000
    batch_train_loss: 2.0160, original=2.0160, J6=0.0000
    batch_train_loss: 2.0301, original=2.0301, J6=0.0000
    batch_train_loss: 2.0159, original=2.0159, J6=0.0000
    batch_train_loss: 2.0436, original=2.0436, J6=0.0000
(num=200,lam=0.0001,coef=0.56)epoch=9, trainloss=2.044, testloss=['1.556', '2.151', '2.018', '2.048', '2.034', '2.230', '1.870', '2.059', '1.954', '2.158'], testacc=['98.878', '39.031', '51.841', '58.515', '62.016', '3.027', '82.255', '70.331', '90.349', '15.263']
    batch_train_loss: 2.0022, original=2.0022, J6=0.0000
    batch_train_loss: 1.9960, original=1.9960, J6=0.0000
    batch_train_loss: 1.9751, original=1.9751, J6=0.0000
    batch_train_loss: 1.9746, original=1.9746, J6=0.0000
    batch_train_loss: 1.9742, original=1.9742, J6=0.0000
    batch_train_loss: 1.9921, original=1.9921, J6=0.0000
    batch_train_loss: 1.9622, original=1.9622, J6=0.0000
    batch_train_loss: 1.9551, original=1.9551, J6=0.0000
    batch_train_loss: 1.9641, original=1.9641, J6=0.0000
    batch_train_loss: 1.9810, original=1.9810, J6=0.0000
    batch_train_loss: 1.9734, original=1.9734, J6=0.0000
    batch_train_loss: 1.9457, original=1.9457, J6=0.0001
    batch_train_loss: 1.9597, original=1.9597, J6=0.0000
    batch_train_loss: 1.9644, original=1.9644, J6=0.0000
    batch_train_loss: 1.9425, original=1.9425, J6=0.0000
    batch_train_loss: 1.9383, original=1.9383, J6=0.0000
    batch_train_loss: 1.9213, original=1.9213, J6=0.0000
    batch_train_loss: 1.9279, original=1.9279, J6=0.0000
    batch_train_loss: 1.9287, original=1.9287, J6=0.0001
    batch_train_loss: 1.8802, original=1.8802, J6=0.0001
(num=200,lam=0.0001,coef=0.56)epoch=10, trainloss=1.958, testloss=['1.327', '2.053', '1.889', '1.938', '1.952', '2.167', '1.777', '1.966', '1.879', '2.143'], testacc=['98.980', '55.859', '65.310', '73.762', '65.886', '9.865', '78.914', '73.249', '89.733', '13.280']
    batch_train_loss: 1.8652, original=1.8652, J6=0.0001
    batch_train_loss: 1.8834, original=1.8834, J6=0.0001
    batch_train_loss: 1.8786, original=1.8786, J6=0.0001
    batch_train_loss: 1.8847, original=1.8847, J6=0.0000
    batch_train_loss: 1.8707, original=1.8707, J6=0.0001
    batch_train_loss: 1.8334, original=1.8334, J6=0.0001
    batch_train_loss: 1.8218, original=1.8218, J6=0.0001
    batch_train_loss: 1.8347, original=1.8347, J6=0.0001
    batch_train_loss: 1.8579, original=1.8579, J6=0.0001
    batch_train_loss: 1.8682, original=1.8682, J6=0.0001
    batch_train_loss: 1.8818, original=1.8818, J6=0.0001
    batch_train_loss: 1.8585, original=1.8585, J6=0.0001
    batch_train_loss: 1.8404, original=1.8404, J6=0.0001
    batch_train_loss: 1.8294, original=1.8294, J6=0.0001
    batch_train_loss: 1.8191, original=1.8191, J6=0.0001
    batch_train_loss: 1.8133, original=1.8133, J6=0.0001
    batch_train_loss: 1.8329, original=1.8329, J6=0.0001
    batch_train_loss: 1.8144, original=1.8144, J6=0.0001
    batch_train_loss: 1.7124, original=1.7124, J6=0.0001
    batch_train_loss: 1.7775, original=1.7775, J6=0.0001
(num=200,lam=0.0001,coef=0.56)epoch=11, trainloss=1.839, testloss=['1.053', '1.879', '1.770', '1.859', '1.812', '2.098', '1.591', '1.805', '1.775', '2.076'], testacc=['98.980', '71.454', '65.891', '70.000', '69.450', '17.265', '82.881', '77.043', '87.577', '17.443']
    batch_train_loss: 1.8008, original=1.8008, J6=0.0001
    batch_train_loss: 1.7324, original=1.7324, J6=0.0001
    batch_train_loss: 1.7458, original=1.7458, J6=0.0001
    batch_train_loss: 1.7642, original=1.7642, J6=0.0001
    batch_train_loss: 1.7655, original=1.7655, J6=0.0001
    batch_train_loss: 1.7381, original=1.7381, J6=0.0001
    batch_train_loss: 1.7109, original=1.7109, J6=0.0001
    batch_train_loss: 1.6760, original=1.6760, J6=0.0001
    batch_train_loss: 1.6859, original=1.6859, J6=0.0001
    batch_train_loss: 1.7490, original=1.7490, J6=0.0001
    batch_train_loss: 1.6323, original=1.6323, J6=0.0001
    batch_train_loss: 1.6721, original=1.6721, J6=0.0001
    batch_train_loss: 1.6547, original=1.6547, J6=0.0001
    batch_train_loss: 1.5831, original=1.5831, J6=0.0001
    batch_train_loss: 1.5826, original=1.5826, J6=0.0001
    batch_train_loss: 1.6043, original=1.6043, J6=0.0001
    batch_train_loss: 1.5987, original=1.5987, J6=0.0001
    batch_train_loss: 1.6396, original=1.6396, J6=0.0001
    batch_train_loss: 1.5930, original=1.5930, J6=0.0001
    batch_train_loss: 1.6036, original=1.6036, J6=0.0001
(num=200,lam=0.0001,coef=0.56)epoch=12, trainloss=1.677, testloss=['0.746', '1.681', '1.526', '1.628', '1.633', '2.014', '1.457', '1.641', '1.649', '1.979'], testacc=['98.980', '77.797', '77.035', '80.792', '74.134', '20.628', '79.332', '77.529', '86.756', '25.768']
    batch_train_loss: 1.6318, original=1.6318, J6=0.0001
    batch_train_loss: 1.4811, original=1.4811, J6=0.0001
    batch_train_loss: 1.5314, original=1.5314, J6=0.0001
    batch_train_loss: 1.4929, original=1.4929, J6=0.0001
    batch_train_loss: 1.6500, original=1.6500, J6=0.0001
    batch_train_loss: 1.5463, original=1.5463, J6=0.0001
    batch_train_loss: 1.5409, original=1.5409, J6=0.0001
    batch_train_loss: 1.5260, original=1.5260, J6=0.0001
    batch_train_loss: 1.4685, original=1.4685, J6=0.0002
    batch_train_loss: 1.4416, original=1.4416, J6=0.0001
    batch_train_loss: 1.5272, original=1.5272, J6=0.0002
    batch_train_loss: 1.5004, original=1.5004, J6=0.0002
    batch_train_loss: 1.4388, original=1.4388, J6=0.0001
    batch_train_loss: 1.4535, original=1.4535, J6=0.0002
    batch_train_loss: 1.4082, original=1.4082, J6=0.0002
    batch_train_loss: 1.3344, original=1.3344, J6=0.0002
    batch_train_loss: 1.4269, original=1.4269, J6=0.0002
    batch_train_loss: 1.3856, original=1.3856, J6=0.0002
    batch_train_loss: 1.3699, original=1.3699, J6=0.0002
    batch_train_loss: 1.2998, original=1.2998, J6=0.0002
(num=200,lam=0.0001,coef=0.56)epoch=13, trainloss=1.473, testloss=['0.533', '1.453', '1.273', '1.434', '1.407', '1.846', '1.219', '1.403', '1.423', '1.824'], testacc=['97.959', '79.383', '79.554', '79.604', '76.069', '32.399', '82.777', '78.794', '88.706', '34.192']
    batch_train_loss: 1.4327, original=1.4327, J6=0.0002
    batch_train_loss: 1.3636, original=1.3636, J6=0.0002
    batch_train_loss: 1.2447, original=1.2447, J6=0.0002
    batch_train_loss: 1.3041, original=1.3041, J6=0.0002
    batch_train_loss: 1.3427, original=1.3427, J6=0.0002
    batch_train_loss: 1.4292, original=1.4292, J6=0.0002
    batch_train_loss: 1.3148, original=1.3148, J6=0.0002
    batch_train_loss: 1.2364, original=1.2364, J6=0.0002
    batch_train_loss: 1.1494, original=1.1494, J6=0.0002
    batch_train_loss: 1.2716, original=1.2716, J6=0.0003
    batch_train_loss: 1.3239, original=1.3239, J6=0.0002
    batch_train_loss: 1.2493, original=1.2493, J6=0.0002
    batch_train_loss: 1.2739, original=1.2739, J6=0.0003
    batch_train_loss: 1.2146, original=1.2146, J6=0.0003
    batch_train_loss: 1.1343, original=1.1343, J6=0.0003
    batch_train_loss: 1.1994, original=1.1994, J6=0.0003
    batch_train_loss: 1.1026, original=1.1026, J6=0.0003
    batch_train_loss: 1.0466, original=1.0466, J6=0.0003
    batch_train_loss: 1.1601, original=1.1601, J6=0.0003
    batch_train_loss: 1.1320, original=1.1320, J6=0.0003
(num=200,lam=0.0001,coef=0.56)epoch=14, trainloss=1.246, testloss=['0.365', '1.357', '0.949', '1.209', '1.181', '1.569', '1.000', '1.233', '1.239', '1.648'], testacc=['97.653', '76.211', '85.174', '79.703', '76.782', '51.570', '83.507', '78.113', '87.064', '44.400']
    batch_train_loss: 1.1072, original=1.1072, J6=0.0003
    batch_train_loss: 1.1975, original=1.1975, J6=0.0003
    batch_train_loss: 1.0082, original=1.0082, J6=0.0003
    batch_train_loss: 1.0893, original=1.0893, J6=0.0003
    batch_train_loss: 1.0459, original=1.0459, J6=0.0003
    batch_train_loss: 1.0768, original=1.0768, J6=0.0003
    batch_train_loss: 1.0234, original=1.0234, J6=0.0004
    batch_train_loss: 1.1187, original=1.1187, J6=0.0004
    batch_train_loss: 1.0845, original=1.0845, J6=0.0003
    batch_train_loss: 1.0631, original=1.0631, J6=0.0004
    batch_train_loss: 1.0895, original=1.0895, J6=0.0004
    batch_train_loss: 0.9489, original=0.9489, J6=0.0003
    batch_train_loss: 1.0383, original=1.0383, J6=0.0004
    batch_train_loss: 0.9208, original=0.9208, J6=0.0004
    batch_train_loss: 0.9785, original=0.9785, J6=0.0004
    batch_train_loss: 1.0844, original=1.0844, J6=0.0005
    batch_train_loss: 0.9728, original=0.9728, J6=0.0005
    batch_train_loss: 0.9469, original=0.9469, J6=0.0005
    batch_train_loss: 0.8730, original=0.8730, J6=0.0005
    batch_train_loss: 1.0351, original=1.0351, J6=0.0005
(num=200,lam=0.0001,coef=0.56)epoch=15, trainloss=1.035, testloss=['0.262', '1.350', '0.819', '0.929', '1.015', '1.350', '0.813', '1.090', '0.969', '1.511'], testacc=['97.143', '67.048', '82.655', '83.366', '75.866', '57.399', '83.403', '77.140', '88.501', '49.356']
    batch_train_loss: 0.9013, original=0.9013, J6=0.0004
    batch_train_loss: 0.9159, original=0.9159, J6=0.0005
    batch_train_loss: 1.0629, original=1.0629, J6=0.0005
    batch_train_loss: 0.8991, original=0.8991, J6=0.0006
    batch_train_loss: 0.8471, original=0.8471, J6=0.0005
    batch_train_loss: 0.9912, original=0.9912, J6=0.0005
    batch_train_loss: 0.9185, original=0.9185, J6=0.0005
    batch_train_loss: 0.8824, original=0.8824, J6=0.0005
    batch_train_loss: 0.8675, original=0.8675, J6=0.0005
    batch_train_loss: 0.8221, original=0.8221, J6=0.0005
    batch_train_loss: 0.7956, original=0.7956, J6=0.0006
    batch_train_loss: 0.8730, original=0.8730, J6=0.0006
    batch_train_loss: 0.9536, original=0.9536, J6=0.0006
    batch_train_loss: 0.8030, original=0.8030, J6=0.0006
    batch_train_loss: 0.8921, original=0.8921, J6=0.0006
    batch_train_loss: 0.7396, original=0.7396, J6=0.0006
    batch_train_loss: 0.8048, original=0.8048, J6=0.0006
    batch_train_loss: 0.7525, original=0.7525, J6=0.0007
    batch_train_loss: 0.7948, original=0.7948, J6=0.0007
    batch_train_loss: 0.8361, original=0.8361, J6=0.0006
(num=200,lam=0.0001,coef=0.56)epoch=16, trainloss=0.868, testloss=['0.239', '1.436', '0.636', '0.824', '0.952', '1.070', '0.755', '1.062', '0.723', '1.368'], testacc=['96.531', '55.859', '84.787', '79.802', '73.116', '68.498', '80.271', '74.416', '91.786', '54.509']
    batch_train_loss: 0.6937, original=0.6937, J6=0.0006
    batch_train_loss: 0.8385, original=0.8385, J6=0.0006
    batch_train_loss: 0.7350, original=0.7350, J6=0.0006
    batch_train_loss: 0.6893, original=0.6893, J6=0.0006
    batch_train_loss: 0.7584, original=0.7584, J6=0.0007
    batch_train_loss: 0.9364, original=0.9364, J6=0.0007
    batch_train_loss: 0.7542, original=0.7542, J6=0.0006
    batch_train_loss: 0.8246, original=0.8246, J6=0.0007
    batch_train_loss: 0.7054, original=0.7054, J6=0.0007
    batch_train_loss: 0.7525, original=0.7525, J6=0.0007
    batch_train_loss: 0.7888, original=0.7888, J6=0.0008
    batch_train_loss: 0.7978, original=0.7978, J6=0.0008
    batch_train_loss: 0.6433, original=0.6433, J6=0.0008
    batch_train_loss: 0.6912, original=0.6912, J6=0.0007
    batch_train_loss: 0.7489, original=0.7489, J6=0.0008
    batch_train_loss: 0.7188, original=0.7188, J6=0.0009
    batch_train_loss: 0.7728, original=0.7728, J6=0.0007
    batch_train_loss: 0.6695, original=0.6695, J6=0.0009
    batch_train_loss: 0.7199, original=0.7199, J6=0.0009
    batch_train_loss: 0.7020, original=0.7020, J6=0.0009
(num=200,lam=0.0001,coef=0.56)epoch=17, trainloss=0.747, testloss=['0.162', '1.463', '0.521', '0.636', '0.936', '1.363', '0.590', '1.001', '0.577', '1.175'], testacc=['97.449', '52.599', '86.531', '84.356', '69.552', '45.964', '84.447', '74.125', '92.197', '65.114']
    batch_train_loss: 0.6015, original=0.6015, J6=0.0008
    batch_train_loss: 0.6757, original=0.6757, J6=0.0009
    batch_train_loss: 0.6519, original=0.6519, J6=0.0008
    batch_train_loss: 0.7049, original=0.7049, J6=0.0008
    batch_train_loss: 0.7831, original=0.7831, J6=0.0009
    batch_train_loss: 0.7709, original=0.7709, J6=0.0008
    batch_train_loss: 0.6162, original=0.6162, J6=0.0009
    batch_train_loss: 0.6822, original=0.6822, J6=0.0009
    batch_train_loss: 0.6202, original=0.6202, J6=0.0009
    batch_train_loss: 0.6595, original=0.6595, J6=0.0007
    batch_train_loss: 0.7050, original=0.7050, J6=0.0009
    batch_train_loss: 0.6887, original=0.6887, J6=0.0009
    batch_train_loss: 0.6232, original=0.6232, J6=0.0009
    batch_train_loss: 0.6802, original=0.6802, J6=0.0011
    batch_train_loss: 0.6470, original=0.6470, J6=0.0011
    batch_train_loss: 0.5826, original=0.5826, J6=0.0010
    batch_train_loss: 0.7410, original=0.7410, J6=0.0010
    batch_train_loss: 0.6271, original=0.6271, J6=0.0009
    batch_train_loss: 0.6149, original=0.6149, J6=0.0009
    batch_train_loss: 0.6266, original=0.6266, J6=0.0010
(num=200,lam=0.0001,coef=0.56)epoch=18, trainloss=0.665, testloss=['0.162', '1.561', '0.553', '0.542', '0.822', '0.938', '0.658', '0.919', '0.465', '1.319'], testacc=['97.041', '45.022', '83.721', '85.743', '73.931', '68.274', '79.123', '76.848', '93.018', '53.023']
    batch_train_loss: 0.6483, original=0.6483, J6=0.0010
    batch_train_loss: 0.7438, original=0.7438, J6=0.0010
    batch_train_loss: 0.5495, original=0.5495, J6=0.0010
    batch_train_loss: 0.6442, original=0.6442, J6=0.0011
    batch_train_loss: 0.5706, original=0.5706, J6=0.0010
    batch_train_loss: 0.5001, original=0.5001, J6=0.0011
    batch_train_loss: 0.6381, original=0.6381, J6=0.0011
    batch_train_loss: 0.5652, original=0.5652, J6=0.0009
    batch_train_loss: 0.6469, original=0.6469, J6=0.0010
    batch_train_loss: 0.5936, original=0.5936, J6=0.0010
    batch_train_loss: 0.6726, original=0.6726, J6=0.0010
    batch_train_loss: 0.5597, original=0.5597, J6=0.0009
    batch_train_loss: 0.5127, original=0.5127, J6=0.0011
    batch_train_loss: 0.6884, original=0.6884, J6=0.0010
    batch_train_loss: 0.5606, original=0.5606, J6=0.0011
    batch_train_loss: 0.5562, original=0.5562, J6=0.0014
    batch_train_loss: 0.5913, original=0.5913, J6=0.0011
    batch_train_loss: 0.6446, original=0.6446, J6=0.0011
    batch_train_loss: 0.5188, original=0.5188, J6=0.0011
    batch_train_loss: 0.5993, original=0.5993, J6=0.0010
(num=200,lam=0.0001,coef=0.56)epoch=19, trainloss=0.600, testloss=['0.116', '1.485', '0.441', '0.534', '0.939', '1.100', '0.535', '0.909', '0.456', '0.819'], testacc=['98.163', '50.573', '87.888', '85.050', '65.071', '60.762', '84.656', '73.930', '91.992', '80.476']
    batch_train_loss: 0.5637, original=0.5637, J6=0.0012
    batch_train_loss: 0.6180, original=0.6180, J6=0.0012
    batch_train_loss: 0.6046, original=0.6046, J6=0.0011
    batch_train_loss: 0.5712, original=0.5712, J6=0.0011
    batch_train_loss: 0.6261, original=0.6261, J6=0.0013
    batch_train_loss: 0.6860, original=0.6860, J6=0.0013
    batch_train_loss: 0.4353, original=0.4353, J6=0.0011
    batch_train_loss: 0.6189, original=0.6189, J6=0.0011
    batch_train_loss: 0.5617, original=0.5617, J6=0.0013
    batch_train_loss: 0.5982, original=0.5982, J6=0.0010
    batch_train_loss: 0.4869, original=0.4869, J6=0.0012
    batch_train_loss: 0.4095, original=0.4095, J6=0.0011
    batch_train_loss: 0.5676, original=0.5676, J6=0.0012
    batch_train_loss: 0.5871, original=0.5871, J6=0.0012
    batch_train_loss: 0.4594, original=0.4594, J6=0.0011
    batch_train_loss: 0.4894, original=0.4894, J6=0.0013
    batch_train_loss: 0.5257, original=0.5257, J6=0.0015
    batch_train_loss: 0.5501, original=0.5501, J6=0.0014
    batch_train_loss: 0.6049, original=0.6049, J6=0.0012
    batch_train_loss: 0.5713, original=0.5713, J6=0.0012
(num=200,lam=0.0001,coef=0.56)epoch=20, trainloss=0.557, testloss=['0.131', '1.694', '0.378', '0.582', '0.955', '0.986', '0.550', '1.067', '0.321', '0.903'], testacc=['97.551', '38.943', '88.760', '82.277', '65.580', '63.677', '82.255', '69.553', '95.380', '74.331']
    batch_train_loss: 0.5627, original=0.5627, J6=0.0015
    batch_train_loss: 0.5502, original=0.5502, J6=0.0014
    batch_train_loss: 0.5109, original=0.5109, J6=0.0014
    batch_train_loss: 0.4516, original=0.4516, J6=0.0012
    batch_train_loss: 0.4949, original=0.4949, J6=0.0014
    batch_train_loss: 0.4991, original=0.4991, J6=0.0014
    batch_train_loss: 0.7080, original=0.7080, J6=0.0014
    batch_train_loss: 0.6270, original=0.6270, J6=0.0012
    batch_train_loss: 0.4431, original=0.4431, J6=0.0014
    batch_train_loss: 0.4490, original=0.4490, J6=0.0014
    batch_train_loss: 0.6121, original=0.6121, J6=0.0014
    batch_train_loss: 0.5158, original=0.5158, J6=0.0012
    batch_train_loss: 0.5533, original=0.5533, J6=0.0013
    batch_train_loss: 0.5452, original=0.5452, J6=0.0013
    batch_train_loss: 0.5065, original=0.5065, J6=0.0013
    batch_train_loss: 0.4589, original=0.4589, J6=0.0015
    batch_train_loss: 0.5773, original=0.5773, J6=0.0013
    batch_train_loss: 0.3832, original=0.3832, J6=0.0014
    batch_train_loss: 0.4571, original=0.4571, J6=0.0013
    batch_train_loss: 0.5015, original=0.5015, J6=0.0012
(num=200,lam=0.0001,coef=0.56)epoch=21, trainloss=0.520, testloss=['0.100', '1.501', '0.427', '0.405', '0.789', '0.959', '0.570', '0.843', '0.349', '0.877'], testacc=['98.367', '48.722', '87.112', '89.010', '72.200', '66.144', '81.837', '77.043', '92.710', '76.511']
    batch_train_loss: 0.5653, original=0.5653, J6=0.0015
    batch_train_loss: 0.4231, original=0.4231, J6=0.0014
    batch_train_loss: 0.6257, original=0.6257, J6=0.0013
    batch_train_loss: 0.5074, original=0.5074, J6=0.0015
    batch_train_loss: 0.5511, original=0.5511, J6=0.0014
    batch_train_loss: 0.4749, original=0.4749, J6=0.0014
    batch_train_loss: 0.4980, original=0.4980, J6=0.0013
    batch_train_loss: 0.4567, original=0.4567, J6=0.0014
    batch_train_loss: 0.4532, original=0.4532, J6=0.0015
    batch_train_loss: 0.3358, original=0.3358, J6=0.0014
    batch_train_loss: 0.5302, original=0.5302, J6=0.0014
    batch_train_loss: 0.4685, original=0.4685, J6=0.0015
    batch_train_loss: 0.4182, original=0.4182, J6=0.0016
    batch_train_loss: 0.5511, original=0.5511, J6=0.0015
    batch_train_loss: 0.4089, original=0.4089, J6=0.0015
    batch_train_loss: 0.5731, original=0.5731, J6=0.0014
    batch_train_loss: 0.5128, original=0.5128, J6=0.0016
    batch_train_loss: 0.5416, original=0.5416, J6=0.0015
    batch_train_loss: 0.4241, original=0.4241, J6=0.0016
    batch_train_loss: 0.5056, original=0.5056, J6=0.0015
(num=200,lam=0.0001,coef=0.56)epoch=22, trainloss=0.491, testloss=['0.092', '1.569', '0.458', '0.476', '0.781', '0.985', '0.460', '0.837', '0.263', '0.855'], testacc=['98.265', '44.493', '86.240', '85.347', '73.014', '64.013', '85.282', '77.529', '95.380', '75.520']
    batch_train_loss: 0.4231, original=0.4231, J6=0.0014
    batch_train_loss: 0.5602, original=0.5602, J6=0.0017
    batch_train_loss: 0.4487, original=0.4487, J6=0.0015
    batch_train_loss: 0.4130, original=0.4130, J6=0.0014
    batch_train_loss: 0.4119, original=0.4119, J6=0.0015
    batch_train_loss: 0.4381, original=0.4381, J6=0.0014
    batch_train_loss: 0.6040, original=0.6040, J6=0.0015
    batch_train_loss: 0.4968, original=0.4968, J6=0.0015
    batch_train_loss: 0.4078, original=0.4078, J6=0.0016
    batch_train_loss: 0.4110, original=0.4110, J6=0.0015
    batch_train_loss: 0.5786, original=0.5786, J6=0.0016
    batch_train_loss: 0.4355, original=0.4355, J6=0.0016
    batch_train_loss: 0.4623, original=0.4623, J6=0.0017
    batch_train_loss: 0.4077, original=0.4077, J6=0.0016
    batch_train_loss: 0.3706, original=0.3706, J6=0.0014
    batch_train_loss: 0.5420, original=0.5420, J6=0.0016
    batch_train_loss: 0.4170, original=0.4170, J6=0.0016
    batch_train_loss: 0.4312, original=0.4312, J6=0.0016
    batch_train_loss: 0.3984, original=0.3984, J6=0.0017
    batch_train_loss: 0.7126, original=0.7126, J6=0.0017
(num=200,lam=0.0001,coef=0.56)epoch=23, trainloss=0.469, testloss=['0.093', '1.705', '0.401', '0.284', '0.893', '1.231', '0.480', '0.904', '0.285', '0.875'], testacc=['98.265', '39.471', '87.694', '92.574', '68.330', '52.130', '85.491', '75.195', '93.121', '75.421']
    batch_train_loss: 0.3979, original=0.3979, J6=0.0017
    batch_train_loss: 0.3780, original=0.3780, J6=0.0016
    batch_train_loss: 0.3777, original=0.3777, J6=0.0016
    batch_train_loss: 0.4003, original=0.4003, J6=0.0014
    batch_train_loss: 0.5085, original=0.5085, J6=0.0017
    batch_train_loss: 0.4664, original=0.4664, J6=0.0017
    batch_train_loss: 0.5641, original=0.5641, J6=0.0016
    batch_train_loss: 0.5814, original=0.5814, J6=0.0020
    batch_train_loss: 0.3577, original=0.3577, J6=0.0018
    batch_train_loss: 0.4328, original=0.4328, J6=0.0016
    batch_train_loss: 0.4318, original=0.4318, J6=0.0017
    batch_train_loss: 0.5349, original=0.5349, J6=0.0016
    batch_train_loss: 0.3599, original=0.3599, J6=0.0017
    batch_train_loss: 0.4505, original=0.4505, J6=0.0016
    batch_train_loss: 0.4335, original=0.4335, J6=0.0016
    batch_train_loss: 0.3647, original=0.3647, J6=0.0016
    batch_train_loss: 0.5327, original=0.5327, J6=0.0015
    batch_train_loss: 0.5268, original=0.5268, J6=0.0018
    batch_train_loss: 0.5065, original=0.5065, J6=0.0014
    batch_train_loss: 0.4480, original=0.4480, J6=0.0016
(num=200,lam=0.0001,coef=0.56)epoch=24, trainloss=0.453, testloss=['0.095', '1.610', '0.397', '0.505', '0.797', '0.797', '0.617', '0.869', '0.208', '0.712'], testacc=['98.367', '42.026', '87.791', '83.465', '72.200', '72.085', '79.123', '75.778', '95.996', '80.674']
    batch_train_loss: 0.3770, original=0.3770, J6=0.0018
    batch_train_loss: 0.4812, original=0.4812, J6=0.0018
    batch_train_loss: 0.4808, original=0.4808, J6=0.0016
    batch_train_loss: 0.3849, original=0.3849, J6=0.0016
    batch_train_loss: 0.4310, original=0.4310, J6=0.0018
    batch_train_loss: 0.3684, original=0.3684, J6=0.0017
    batch_train_loss: 0.5931, original=0.5931, J6=0.0018
    batch_train_loss: 0.3865, original=0.3865, J6=0.0016
    batch_train_loss: 0.4866, original=0.4866, J6=0.0018
    batch_train_loss: 0.4020, original=0.4020, J6=0.0018
    batch_train_loss: 0.4212, original=0.4212, J6=0.0017
    batch_train_loss: 0.3302, original=0.3302, J6=0.0018
    batch_train_loss: 0.4659, original=0.4659, J6=0.0017
    batch_train_loss: 0.5057, original=0.5057, J6=0.0017
    batch_train_loss: 0.4377, original=0.4377, J6=0.0019
    batch_train_loss: 0.2902, original=0.2902, J6=0.0016
    batch_train_loss: 0.4559, original=0.4559, J6=0.0019
    batch_train_loss: 0.3661, original=0.3661, J6=0.0017
    batch_train_loss: 0.5408, original=0.5408, J6=0.0016
    batch_train_loss: 0.3789, original=0.3789, J6=0.0018
(num=200,lam=0.0001,coef=0.56)epoch=25, trainloss=0.429, testloss=['0.090', '1.613', '0.315', '0.355', '1.037', '0.907', '0.438', '0.892', '0.262', '0.724'], testacc=['98.265', '44.141', '90.601', '89.901', '62.525', '68.386', '86.326', '76.070', '93.532', '80.575']
    batch_train_loss: 0.4027, original=0.4027, J6=0.0015
    batch_train_loss: 0.5685, original=0.5685, J6=0.0019
    batch_train_loss: 0.3796, original=0.3796, J6=0.0019
    batch_train_loss: 0.3491, original=0.3491, J6=0.0019
    batch_train_loss: 0.3426, original=0.3426, J6=0.0016
    batch_train_loss: 0.4502, original=0.4502, J6=0.0016
    batch_train_loss: 0.4236, original=0.4236, J6=0.0018
    batch_train_loss: 0.3799, original=0.3799, J6=0.0018
    batch_train_loss: 0.3103, original=0.3103, J6=0.0018
    batch_train_loss: 0.5035, original=0.5035, J6=0.0017
    batch_train_loss: 0.3155, original=0.3155, J6=0.0019
    batch_train_loss: 0.3190, original=0.3190, J6=0.0019
    batch_train_loss: 0.4514, original=0.4514, J6=0.0017
    batch_train_loss: 0.3756, original=0.3756, J6=0.0018
    batch_train_loss: 0.4225, original=0.4225, J6=0.0019
    batch_train_loss: 0.4797, original=0.4797, J6=0.0017
    batch_train_loss: 0.5202, original=0.5202, J6=0.0019
    batch_train_loss: 0.4268, original=0.4268, J6=0.0018
    batch_train_loss: 0.4594, original=0.4594, J6=0.0018
    batch_train_loss: 0.4031, original=0.4031, J6=0.0019
(num=200,lam=0.0001,coef=0.56)epoch=26, trainloss=0.414, testloss=['0.092', '1.582', '0.435', '0.374', '0.970', '0.881', '0.530', '0.771', '0.199', '0.553'], testacc=['98.265', '43.700', '86.725', '89.010', '63.849', '69.058', '82.672', '78.307', '95.175', '85.629']
    batch_train_loss: 0.5161, original=0.5161, J6=0.0018
    batch_train_loss: 0.3585, original=0.3585, J6=0.0018
    batch_train_loss: 0.2845, original=0.2845, J6=0.0018
    batch_train_loss: 0.3767, original=0.3767, J6=0.0021
    batch_train_loss: 0.4941, original=0.4941, J6=0.0017
    batch_train_loss: 0.4579, original=0.4579, J6=0.0019
    batch_train_loss: 0.4342, original=0.4342, J6=0.0018
    batch_train_loss: 0.2944, original=0.2944, J6=0.0018
    batch_train_loss: 0.4735, original=0.4735, J6=0.0018
    batch_train_loss: 0.4482, original=0.4482, J6=0.0020
    batch_train_loss: 0.3358, original=0.3358, J6=0.0019
    batch_train_loss: 0.3447, original=0.3447, J6=0.0018
    batch_train_loss: 0.4024, original=0.4024, J6=0.0021
    batch_train_loss: 0.3953, original=0.3953, J6=0.0019
    batch_train_loss: 0.3358, original=0.3358, J6=0.0019
    batch_train_loss: 0.3898, original=0.3898, J6=0.0017
    batch_train_loss: 0.4958, original=0.4958, J6=0.0021
    batch_train_loss: 0.5405, original=0.5405, J6=0.0018
    batch_train_loss: 0.3667, original=0.3667, J6=0.0020
    batch_train_loss: 0.3510, original=0.3510, J6=0.0017
(num=200,lam=0.0001,coef=0.56)epoch=27, trainloss=0.405, testloss=['0.073', '1.481', '0.352', '0.464', '0.763', '0.700', '0.405', '0.781', '0.231', '0.640'], testacc=['98.469', '48.811', '89.244', '84.851', '73.625', '76.906', '87.056', '78.502', '94.353', '82.953']
    batch_train_loss: 0.6510, original=0.6510, J6=0.0019
    batch_train_loss: 0.5772, original=0.5772, J6=0.0021
    batch_train_loss: 0.3252, original=0.3252, J6=0.0020
    batch_train_loss: 0.3802, original=0.3802, J6=0.0021
    batch_train_loss: 0.3734, original=0.3734, J6=0.0017
    batch_train_loss: 0.4042, original=0.4042, J6=0.0019
    batch_train_loss: 0.3795, original=0.3795, J6=0.0018
    batch_train_loss: 0.4128, original=0.4128, J6=0.0019
    batch_train_loss: 0.2974, original=0.2974, J6=0.0018
    batch_train_loss: 0.4196, original=0.4196, J6=0.0020
    batch_train_loss: 0.3177, original=0.3177, J6=0.0021
    batch_train_loss: 0.4130, original=0.4130, J6=0.0019
    batch_train_loss: 0.3415, original=0.3415, J6=0.0018
    batch_train_loss: 0.3817, original=0.3817, J6=0.0020
    batch_train_loss: 0.2977, original=0.2977, J6=0.0018
    batch_train_loss: 0.3926, original=0.3926, J6=0.0019
    batch_train_loss: 0.4253, original=0.4253, J6=0.0020
    batch_train_loss: 0.3040, original=0.3040, J6=0.0018
    batch_train_loss: 0.3722, original=0.3722, J6=0.0018
    batch_train_loss: 0.3495, original=0.3495, J6=0.0019
(num=200,lam=0.0001,coef=0.56)epoch=28, trainloss=0.391, testloss=['0.070', '1.535', '0.337', '0.393', '0.545', '0.763', '0.388', '0.728', '0.247', '0.715'], testacc=['98.571', '48.194', '90.019', '88.020', '82.485', '74.552', '87.996', '80.447', '93.737', '78.791']
    batch_train_loss: 0.4255, original=0.4255, J6=0.0019
    batch_train_loss: 0.3411, original=0.3411, J6=0.0017
    batch_train_loss: 0.3360, original=0.3360, J6=0.0022
    batch_train_loss: 0.2295, original=0.2295, J6=0.0019
    batch_train_loss: 0.3835, original=0.3835, J6=0.0020
    batch_train_loss: 0.4096, original=0.4096, J6=0.0019
    batch_train_loss: 0.3266, original=0.3266, J6=0.0021
    batch_train_loss: 0.5071, original=0.5071, J6=0.0018
    batch_train_loss: 0.3918, original=0.3918, J6=0.0020
    batch_train_loss: 0.4047, original=0.4047, J6=0.0021
    batch_train_loss: 0.3572, original=0.3572, J6=0.0021
    batch_train_loss: 0.4019, original=0.4019, J6=0.0024
    batch_train_loss: 0.4294, original=0.4294, J6=0.0019
    batch_train_loss: 0.4070, original=0.4070, J6=0.0018
    batch_train_loss: 0.3315, original=0.3315, J6=0.0020
    batch_train_loss: 0.3085, original=0.3085, J6=0.0019
    batch_train_loss: 0.4329, original=0.4329, J6=0.0019
    batch_train_loss: 0.4188, original=0.4188, J6=0.0022
    batch_train_loss: 0.3449, original=0.3449, J6=0.0020
    batch_train_loss: 0.3849, original=0.3849, J6=0.0019
(num=200,lam=0.0001,coef=0.56)epoch=29, trainloss=0.379, testloss=['0.073', '1.337', '0.388', '0.276', '0.734', '0.816', '0.337', '0.816', '0.251', '0.582'], testacc=['98.367', '56.828', '88.178', '92.475', '75.153', '71.861', '89.562', '77.724', '93.018', '84.341']
    batch_train_loss: 0.3030, original=0.3030, J6=0.0021
    batch_train_loss: 0.2751, original=0.2751, J6=0.0019
    batch_train_loss: 0.3596, original=0.3596, J6=0.0018
    batch_train_loss: 0.3137, original=0.3137, J6=0.0021
    batch_train_loss: 0.5611, original=0.5611, J6=0.0019
    batch_train_loss: 0.3036, original=0.3036, J6=0.0021
    batch_train_loss: 0.3581, original=0.3581, J6=0.0019
    batch_train_loss: 0.3383, original=0.3383, J6=0.0020
    batch_train_loss: 0.2702, original=0.2702, J6=0.0020
    batch_train_loss: 0.4266, original=0.4266, J6=0.0021
    batch_train_loss: 0.3241, original=0.3241, J6=0.0020
    batch_train_loss: 0.3577, original=0.3577, J6=0.0023
    batch_train_loss: 0.3588, original=0.3588, J6=0.0018
    batch_train_loss: 0.4184, original=0.4184, J6=0.0019
    batch_train_loss: 0.2564, original=0.2564, J6=0.0021
    batch_train_loss: 0.3149, original=0.3149, J6=0.0018
    batch_train_loss: 0.4338, original=0.4338, J6=0.0022
    batch_train_loss: 0.3802, original=0.3802, J6=0.0022
    batch_train_loss: 0.4993, original=0.4993, J6=0.0021
    batch_train_loss: 0.4233, original=0.4233, J6=0.0021
(num=200,lam=0.0001,coef=0.56)epoch=30, trainloss=0.364, testloss=['0.072', '1.727', '0.374', '0.464', '0.785', '0.872', '0.418', '0.897', '0.138', '0.631'], testacc=['98.265', '36.916', '88.469', '85.347', '72.912', '68.610', '86.848', '75.195', '97.228', '81.368']
    batch_train_loss: 0.3903, original=0.3903, J6=0.0019
    batch_train_loss: 0.2158, original=0.2158, J6=0.0019
    batch_train_loss: 0.2328, original=0.2328, J6=0.0018
    batch_train_loss: 0.4945, original=0.4945, J6=0.0021
    batch_train_loss: 0.3736, original=0.3736, J6=0.0019
    batch_train_loss: 0.3995, original=0.3995, J6=0.0023
    batch_train_loss: 0.2915, original=0.2915, J6=0.0020
    batch_train_loss: 0.3158, original=0.3158, J6=0.0019
    batch_train_loss: 0.3840, original=0.3840, J6=0.0020
    batch_train_loss: 0.5367, original=0.5367, J6=0.0023
    batch_train_loss: 0.2928, original=0.2928, J6=0.0018
    batch_train_loss: 0.5026, original=0.5026, J6=0.0020
    batch_train_loss: 0.4067, original=0.4067, J6=0.0022
    batch_train_loss: 0.4135, original=0.4135, J6=0.0022
    batch_train_loss: 0.3005, original=0.3005, J6=0.0024
    batch_train_loss: 0.2916, original=0.2916, J6=0.0022
    batch_train_loss: 0.3763, original=0.3763, J6=0.0021
    batch_train_loss: 0.3548, original=0.3548, J6=0.0019
    batch_train_loss: 0.3382, original=0.3382, J6=0.0021
    batch_train_loss: 0.3314, original=0.3314, J6=0.0023
(num=200,lam=0.0001,coef=0.56)epoch=31, trainloss=0.362, testloss=['0.086', '1.811', '0.354', '0.497', '1.020', '1.043', '0.415', '0.909', '0.102', '0.692'], testacc=['97.755', '31.101', '88.663', '84.356', '65.377', '60.426', '86.639', '75.292', '97.844', '77.502']
    batch_train_loss: 0.3350, original=0.3350, J6=0.0023
    batch_train_loss: 0.3538, original=0.3538, J6=0.0022
    batch_train_loss: 0.2585, original=0.2585, J6=0.0022
    batch_train_loss: 0.3594, original=0.3594, J6=0.0021
    batch_train_loss: 0.2794, original=0.2794, J6=0.0020
    batch_train_loss: 0.3552, original=0.3552, J6=0.0020
    batch_train_loss: 0.5015, original=0.5015, J6=0.0022
    batch_train_loss: 0.4134, original=0.4134, J6=0.0020
    batch_train_loss: 0.3106, original=0.3106, J6=0.0021
    batch_train_loss: 0.3321, original=0.3321, J6=0.0022
    batch_train_loss: 0.4478, original=0.4478, J6=0.0022
    batch_train_loss: 0.3800, original=0.3800, J6=0.0019
    batch_train_loss: 0.3839, original=0.3839, J6=0.0022
    batch_train_loss: 0.3387, original=0.3387, J6=0.0019
    batch_train_loss: 0.2026, original=0.2026, J6=0.0023
    batch_train_loss: 0.3495, original=0.3495, J6=0.0024
    batch_train_loss: 0.2277, original=0.2277, J6=0.0021
    batch_train_loss: 0.3612, original=0.3612, J6=0.0022
    batch_train_loss: 0.3967, original=0.3967, J6=0.0024
    batch_train_loss: 0.3902, original=0.3902, J6=0.0018
(num=200,lam=0.0001,coef=0.56)epoch=32, trainloss=0.349, testloss=['0.063', '1.616', '0.445', '0.382', '0.914', '0.847', '0.393', '0.847', '0.135', '0.525'], testacc=['98.673', '40.352', '86.337', '88.515', '67.108', '69.395', '87.683', '75.584', '97.023', '84.638']
    batch_train_loss: 0.3328, original=0.3328, J6=0.0026
    batch_train_loss: 0.2974, original=0.2974, J6=0.0022
    batch_train_loss: 0.2296, original=0.2296, J6=0.0023
    batch_train_loss: 0.3616, original=0.3616, J6=0.0023
    batch_train_loss: 0.3385, original=0.3385, J6=0.0021
    batch_train_loss: 0.4885, original=0.4885, J6=0.0023
    batch_train_loss: 0.3773, original=0.3773, J6=0.0017
    batch_train_loss: 0.3236, original=0.3236, J6=0.0024
    batch_train_loss: 0.3465, original=0.3465, J6=0.0023
    batch_train_loss: 0.3270, original=0.3270, J6=0.0020
    batch_train_loss: 0.3155, original=0.3155, J6=0.0022
    batch_train_loss: 0.3849, original=0.3849, J6=0.0022
    batch_train_loss: 0.3141, original=0.3141, J6=0.0020
    batch_train_loss: 0.4280, original=0.4280, J6=0.0017
    batch_train_loss: 0.3916, original=0.3916, J6=0.0021
    batch_train_loss: 0.3127, original=0.3127, J6=0.0023
    batch_train_loss: 0.2933, original=0.2933, J6=0.0019
    batch_train_loss: 0.2931, original=0.2931, J6=0.0021
    batch_train_loss: 0.3286, original=0.3286, J6=0.0023
    batch_train_loss: 0.3224, original=0.3224, J6=0.0019
(num=200,lam=0.0001,coef=0.56)epoch=33, trainloss=0.340, testloss=['0.058', '1.326', '0.403', '0.398', '0.717', '0.810', '0.382', '0.697', '0.150', '0.552'], testacc=['98.878', '52.247', '87.888', '88.119', '74.542', '71.300', '88.309', '80.545', '96.612', '84.044']
    batch_train_loss: 0.3364, original=0.3364, J6=0.0021
    batch_train_loss: 0.2922, original=0.2922, J6=0.0020
    batch_train_loss: 0.3580, original=0.3580, J6=0.0022
    batch_train_loss: 0.3647, original=0.3647, J6=0.0022
    batch_train_loss: 0.3494, original=0.3494, J6=0.0022
    batch_train_loss: 0.3605, original=0.3605, J6=0.0022
    batch_train_loss: 0.4612, original=0.4612, J6=0.0020
    batch_train_loss: 0.2907, original=0.2907, J6=0.0023
    batch_train_loss: 0.2772, original=0.2772, J6=0.0021
    batch_train_loss: 0.4854, original=0.4854, J6=0.0022
    batch_train_loss: 0.3505, original=0.3505, J6=0.0021
    batch_train_loss: 0.4244, original=0.4244, J6=0.0023
    batch_train_loss: 0.3934, original=0.3934, J6=0.0021
    batch_train_loss: 0.1969, original=0.1969, J6=0.0022
    batch_train_loss: 0.2359, original=0.2359, J6=0.0022
    batch_train_loss: 0.2390, original=0.2390, J6=0.0022
    batch_train_loss: 0.3345, original=0.3345, J6=0.0023
    batch_train_loss: 0.2989, original=0.2989, J6=0.0023
    batch_train_loss: 0.3052, original=0.3052, J6=0.0022
    batch_train_loss: 0.2994, original=0.2994, J6=0.0021
(num=200,lam=0.0001,coef=0.56)epoch=34, trainloss=0.333, testloss=['0.098', '1.451', '0.276', '0.289', '0.703', '0.585', '0.326', '0.931', '0.203', '0.826'], testacc=['97.245', '49.956', '90.988', '91.386', '77.189', '80.157', '89.979', '76.265', '94.353', '74.628']
    batch_train_loss: 0.3694, original=0.3694, J6=0.0023
    batch_train_loss: 0.2713, original=0.2713, J6=0.0020
    batch_train_loss: 0.3595, original=0.3595, J6=0.0024
    batch_train_loss: 0.4056, original=0.4056, J6=0.0021
    batch_train_loss: 0.4048, original=0.4048, J6=0.0023
    batch_train_loss: 0.3362, original=0.3362, J6=0.0022
    batch_train_loss: 0.2912, original=0.2912, J6=0.0022
    batch_train_loss: 0.4178, original=0.4178, J6=0.0021
    batch_train_loss: 0.3396, original=0.3396, J6=0.0022
    batch_train_loss: 0.3295, original=0.3295, J6=0.0021
    batch_train_loss: 0.2349, original=0.2349, J6=0.0023
    batch_train_loss: 0.2819, original=0.2819, J6=0.0022
    batch_train_loss: 0.2365, original=0.2365, J6=0.0021
    batch_train_loss: 0.3275, original=0.3275, J6=0.0022
    batch_train_loss: 0.3930, original=0.3930, J6=0.0026
    batch_train_loss: 0.3679, original=0.3679, J6=0.0024
    batch_train_loss: 0.3172, original=0.3172, J6=0.0024
    batch_train_loss: 0.2225, original=0.2225, J6=0.0028
    batch_train_loss: 0.3391, original=0.3391, J6=0.0022
    batch_train_loss: 0.2302, original=0.2302, J6=0.0023
(num=200,lam=0.0001,coef=0.56)epoch=35, trainloss=0.324, testloss=['0.068', '1.570', '0.379', '0.396', '0.683', '1.035', '0.329', '0.928', '0.112', '0.649'], testacc=['98.265', '41.674', '88.566', '87.624', '76.477', '61.435', '90.084', '74.708', '97.433', '79.088']
    batch_train_loss: 0.2171, original=0.2171, J6=0.0024
    batch_train_loss: 0.2421, original=0.2421, J6=0.0020
    batch_train_loss: 0.2747, original=0.2747, J6=0.0026
    batch_train_loss: 0.2328, original=0.2328, J6=0.0024
    batch_train_loss: 0.2736, original=0.2736, J6=0.0023
    batch_train_loss: 0.2758, original=0.2758, J6=0.0020
    batch_train_loss: 0.3163, original=0.3163, J6=0.0022
    batch_train_loss: 0.3121, original=0.3121, J6=0.0022
    batch_train_loss: 0.4520, original=0.4520, J6=0.0023
    batch_train_loss: 0.3379, original=0.3379, J6=0.0025
    batch_train_loss: 0.2112, original=0.2112, J6=0.0027
    batch_train_loss: 0.4869, original=0.4869, J6=0.0022
    batch_train_loss: 0.3787, original=0.3787, J6=0.0025
    batch_train_loss: 0.4202, original=0.4202, J6=0.0019
    batch_train_loss: 0.3506, original=0.3506, J6=0.0022
    batch_train_loss: 0.3614, original=0.3614, J6=0.0026
    batch_train_loss: 0.2254, original=0.2254, J6=0.0025
    batch_train_loss: 0.3436, original=0.3436, J6=0.0020
    batch_train_loss: 0.2042, original=0.2042, J6=0.0022
    batch_train_loss: 0.3993, original=0.3993, J6=0.0023
(num=200,lam=0.0001,coef=0.56)epoch=36, trainloss=0.316, testloss=['0.074', '1.296', '0.410', '0.355', '0.690', '0.794', '0.345', '0.662', '0.131', '0.538'], testacc=['98.265', '52.687', '87.694', '89.010', '75.051', '71.637', '89.562', '81.907', '96.509', '83.647']
    batch_train_loss: 0.2282, original=0.2282, J6=0.0024
    batch_train_loss: 0.3006, original=0.3006, J6=0.0020
    batch_train_loss: 0.2888, original=0.2888, J6=0.0021
    batch_train_loss: 0.2602, original=0.2602, J6=0.0024
    batch_train_loss: 0.2496, original=0.2496, J6=0.0026
    batch_train_loss: 0.4066, original=0.4066, J6=0.0022
    batch_train_loss: 0.3817, original=0.3817, J6=0.0022
    batch_train_loss: 0.2500, original=0.2500, J6=0.0024
    batch_train_loss: 0.2983, original=0.2983, J6=0.0024
    batch_train_loss: 0.4947, original=0.4947, J6=0.0024
    batch_train_loss: 0.2205, original=0.2205, J6=0.0023
    batch_train_loss: 0.3140, original=0.3140, J6=0.0023
    batch_train_loss: 0.2729, original=0.2729, J6=0.0024
    batch_train_loss: 0.3783, original=0.3783, J6=0.0021
    batch_train_loss: 0.2353, original=0.2353, J6=0.0024
    batch_train_loss: 0.3246, original=0.3246, J6=0.0021
    batch_train_loss: 0.2468, original=0.2468, J6=0.0023
    batch_train_loss: 0.2956, original=0.2956, J6=0.0024
    batch_train_loss: 0.4343, original=0.4343, J6=0.0025
    batch_train_loss: 0.2662, original=0.2662, J6=0.0026
(num=200,lam=0.0001,coef=0.56)epoch=37, trainloss=0.307, testloss=['0.050', '1.344', '0.329', '0.322', '0.763', '0.933', '0.296', '1.007', '0.158', '0.498'], testacc=['98.673', '52.247', '89.535', '89.703', '73.116', '67.825', '90.814', '72.082', '95.893', '84.936']
    batch_train_loss: 0.2762, original=0.2762, J6=0.0024
    batch_train_loss: 0.3020, original=0.3020, J6=0.0021
    batch_train_loss: 0.3307, original=0.3307, J6=0.0023
    batch_train_loss: 0.3617, original=0.3617, J6=0.0024
    batch_train_loss: 0.3169, original=0.3169, J6=0.0024
    batch_train_loss: 0.3243, original=0.3243, J6=0.0021
    batch_train_loss: 0.2155, original=0.2155, J6=0.0022
    batch_train_loss: 0.4319, original=0.4319, J6=0.0021
    batch_train_loss: 0.3525, original=0.3525, J6=0.0026
    batch_train_loss: 0.1996, original=0.1996, J6=0.0025
    batch_train_loss: 0.2306, original=0.2306, J6=0.0023
    batch_train_loss: 0.2506, original=0.2506, J6=0.0024
    batch_train_loss: 0.3504, original=0.3504, J6=0.0024
    batch_train_loss: 0.2935, original=0.2935, J6=0.0024
    batch_train_loss: 0.2182, original=0.2182, J6=0.0024
    batch_train_loss: 0.2596, original=0.2596, J6=0.0024
    batch_train_loss: 0.3595, original=0.3595, J6=0.0025
    batch_train_loss: 0.3426, original=0.3426, J6=0.0022
    batch_train_loss: 0.2047, original=0.2047, J6=0.0024
    batch_train_loss: 0.4022, original=0.4022, J6=0.0025
(num=200,lam=0.0001,coef=0.56)epoch=38, trainloss=0.301, testloss=['0.070', '1.171', '0.363', '0.334', '0.670', '0.654', '0.305', '0.801', '0.149', '0.489'], testacc=['98.265', '61.586', '89.050', '89.703', '76.375', '78.363', '91.127', '78.210', '95.585', '85.134']
    batch_train_loss: 0.3315, original=0.3315, J6=0.0026
    batch_train_loss: 0.2374, original=0.2374, J6=0.0024
    batch_train_loss: 0.2703, original=0.2703, J6=0.0022
    batch_train_loss: 0.3669, original=0.3669, J6=0.0025
    batch_train_loss: 0.2720, original=0.2720, J6=0.0022
    batch_train_loss: 0.2514, original=0.2514, J6=0.0024
    batch_train_loss: 0.3573, original=0.3573, J6=0.0023
    batch_train_loss: 0.1946, original=0.1946, J6=0.0023
    batch_train_loss: 0.3605, original=0.3605, J6=0.0022
    batch_train_loss: 0.3494, original=0.3494, J6=0.0025
    batch_train_loss: 0.2328, original=0.2328, J6=0.0021
    batch_train_loss: 0.2706, original=0.2706, J6=0.0023
    batch_train_loss: 0.3756, original=0.3756, J6=0.0022
    batch_train_loss: 0.2534, original=0.2534, J6=0.0025
    batch_train_loss: 0.4521, original=0.4521, J6=0.0025
    batch_train_loss: 0.2448, original=0.2448, J6=0.0025
    batch_train_loss: 0.3637, original=0.3637, J6=0.0025
    batch_train_loss: 0.2714, original=0.2714, J6=0.0025
    batch_train_loss: 0.2968, original=0.2968, J6=0.0023
    batch_train_loss: 0.2556, original=0.2556, J6=0.0026
